Qflow placement logfile created on jue 1 jul 10:42:24 CST 2021
Running blif2cel to generate input files for graywolf
blif2cel.tcl --blif /home/erick/Documentos/UCR/UCR_2021/I-2021/Microelectronica/Proyecto_2/repositorio/Modulo_rendimiento/qflow/synthesis/modulo_rendimiento.blif  --lef  /usr/share/qflow/tech/osu018/osu018_stdcells.lef --cel /home/erick/Documentos/UCR/UCR_2021/I-2021/Microelectronica/Proyecto_2/repositorio/Modulo_rendimiento/qflow/layout/modulo_rendimiento.cel 
Opened BLIF file (/home/erick/Documentos/UCR/UCR_2021/I-2021/Microelectronica/Proyecto_2/repositorio/Modulo_rendimiento/qflow/synthesis/modulo_rendimiento.blif) for reading ...
Opened CEL file (/home/erick/Documentos/UCR/UCR_2021/I-2021/Microelectronica/Proyecto_2/repositorio/Modulo_rendimiento/qflow/layout/modulo_rendimiento.cel) for writing...
Loaded /usr/share/qflow/tech/osu018/osu018_stdcells.lef file for reading...
1st pass of blif file /home/erick/Documentos/UCR/UCR_2021/I-2021/Microelectronica/Proyecto_2/repositorio/Modulo_rendimiento/qflow/synthesis/modulo_rendimiento.blif. . .
Reading macros and/or technology data from LEF file. . .
LEF file specifies route layer Y pitch as 1
LEF file specifies route layer X pitch as 0.8
Parsing macro AND2X2
Parsing macro AOI21X1
Parsing macro AOI22X1
Parsing macro BUFX2
Parsing macro BUFX4
Parsing macro NOR3X1
Parsing macro DFFPOSX1
Parsing macro INVX1
Parsing macro INVX2
Parsing macro INVX4
Parsing macro INVX8
Parsing macro NAND2X1
Parsing macro NAND3X1
Parsing macro NOR2X1
Parsing macro OAI21X1
Parsing macro OAI22X1
Parsing macro OR2X2
Parsing macro XOR2X1
Parsing macro MUX2X1
Parsing macro XNOR2X1
Parsing macro CLKBUF1
2nd pass of blif file. . .
3rd pass of blif file. . .
Done!
No modulo_rendimiento.cel1 file found for project. . . no partial blockages to apply to layout.
No modulo_rendimiento.cel2 file found for project. . . continuing without pin placement hints
Running GrayWolf placement
graywolf  modulo_rendimiento

twflow version:2.1 date:Mon May 25 21:15:08 EDT 1992
Authors: Bill Swartz, Carl Sechen
         Yale University

syntax version:v1.1 date:Mon May 25 21:11:10 EDT 1992
TimberWolf System Syntax Checker
Authors: Carl Sechen, Kai-Win Lee, Bill Swartz,
         Dahe Chen, and Jimmy Lam
         Yale University

Read   50 objects so far...
Read  100 objects so far...
Read  150 objects so far...
Read  200 objects so far...
Read  250 objects so far...
Read  300 objects so far...
Read  350 objects so far...
Read  400 objects so far...
Read  450 objects so far...
Read  500 objects so far...
Read  550 objects so far...
Read  600 objects so far...
Read  650 objects so far...
Read  700 objects so far...
Read  750 objects so far...
Read  800 objects so far...
Read  850 objects so far...
Read  900 objects so far...
Read  950 objects so far...
Read 1000 objects so far...
Read 1050 objects so far...
Read 1100 objects so far...
Read 1150 objects so far...
Read 1200 objects so far...
Read 1250 objects so far...
Read 1300 objects so far...
Read 1350 objects so far...
Read 1400 objects so far...
Read 1450 objects so far...
Read 1500 objects so far...
Read 1550 objects so far...
Read 1600 objects so far...
Read 1650 objects so far...
Read 1700 objects so far...
Read 1750 objects so far...
Read 1800 objects so far...
Read 1850 objects so far...
Read 1900 objects so far...
Read 1950 objects so far...
Read 2000 objects so far...
Read 2050 objects so far...
Read 2100 objects so far...
Read 2150 objects so far...
Read 2200 objects so far...
Read 2250 objects so far...
Read 2300 objects so far...
Read 2350 objects so far...
Read 2400 objects so far...
Read 2450 objects so far...
Read 2500 objects so far...
Read 2550 objects so far...
Read 2600 objects so far...
Read 2650 objects so far...
Read 2700 objects so far...
Read 2750 objects so far...
Read 2800 objects so far...
Read 2850 objects so far...
Read 2900 objects so far...
Read 2950 objects so far...
Read 3000 objects so far...
Read 3050 objects so far...
Read 3100 objects so far...
Read 3150 objects so far...
Read 3200 objects so far...
Read 3250 objects so far...
Read 3300 objects so far...
Read 3350 objects so far...
Read 3400 objects so far...
Read 3450 objects so far...
Read 3500 objects so far...
Read 3550 objects so far...
Read 3600 objects so far...
Read 3650 objects so far...
Read 3700 objects so far...
Read 3750 objects so far...
Read 3800 objects so far...
Read 3850 objects so far...
Read 3900 objects so far...
Read 3950 objects so far...
Read 4000 objects so far...
Read 4050 objects so far...
Read 4100 objects so far...
Read 4150 objects so far...
Read 4200 objects so far...
Read 4250 objects so far...
Read 4300 objects so far...
Read 4350 objects so far...
Read 4400 objects so far...
Read 4450 objects so far...
Read 4500 objects so far...
Read 4550 objects so far...
Read 4600 objects so far...
Read 4650 objects so far...
Read 4700 objects so far...
Read 4750 objects so far...
Read 4800 objects so far...
Read 4850 objects so far...
Read 4900 objects so far...
Read 4950 objects so far...
Read 5000 objects so far...
Read 5050 objects so far...
Read 5100 objects so far...
No syntax errors were found

syntax terminated normally with no errors and 0 warning[s]


----------------------------
Total stdcells     :4993
Total cell width   :1.62e+06
Total cell height  :4.99e+06
Total cell area    :1.62e+09
Total core area    :1.62e+09
Average cell height:1.00e+03


nocut - replacement for Mincut version:v1.0 date:Mon May 25 21:09:40 EDT 1992
TimberWolf System Floorplan Setup Program
Authors: Carl Sechen, Bill Swartz,
         Yale University

Read   50 objects so far...
Read  100 objects so far...
Read  150 objects so far...
Read  200 objects so far...
Read  250 objects so far...
Read  300 objects so far...
Read  350 objects so far...
Read  400 objects so far...
Read  450 objects so far...
Read  500 objects so far...
Read  550 objects so far...
Read  600 objects so far...
Read  650 objects so far...
Read  700 objects so far...
Read  750 objects so far...
Read  800 objects so far...
Read  850 objects so far...
Read  900 objects so far...
Read  950 objects so far...
Read 1000 objects so far...
Read 1050 objects so far...
Read 1100 objects so far...
Read 1150 objects so far...
Read 1200 objects so far...
Read 1250 objects so far...
Read 1300 objects so far...
Read 1350 objects so far...
Read 1400 objects so far...
Read 1450 objects so far...
Read 1500 objects so far...
Read 1550 objects so far...
Read 1600 objects so far...
Read 1650 objects so far...
Read 1700 objects so far...
Read 1750 objects so far...
Read 1800 objects so far...
Read 1850 objects so far...
Read 1900 objects so far...
Read 1950 objects so far...
Read 2000 objects so far...
Read 2050 objects so far...
Read 2100 objects so far...
Read 2150 objects so far...
Read 2200 objects so far...
Read 2250 objects so far...
Read 2300 objects so far...
Read 2350 objects so far...
Read 2400 objects so far...
Read 2450 objects so far...
Read 2500 objects so far...
Read 2550 objects so far...
Read 2600 objects so far...
Read 2650 objects so far...
Read 2700 objects so far...
Read 2750 objects so far...
Read 2800 objects so far...
Read 2850 objects so far...
Read 2900 objects so far...
Read 2950 objects so far...
Read 3000 objects so far...
Read 3050 objects so far...
Read 3100 objects so far...
Read 3150 objects so far...
Read 3200 objects so far...
Read 3250 objects so far...
Read 3300 objects so far...
Read 3350 objects so far...
Read 3400 objects so far...
Read 3450 objects so far...
Read 3500 objects so far...
Read 3550 objects so far...
Read 3600 objects so far...
Read 3650 objects so far...
Read 3700 objects so far...
Read 3750 objects so far...
Read 3800 objects so far...
Read 3850 objects so far...
Read 3900 objects so far...
Read 3950 objects so far...
Read 4000 objects so far...
Read 4050 objects so far...
Read 4100 objects so far...
Read 4150 objects so far...
Read 4200 objects so far...
Read 4250 objects so far...
Read 4300 objects so far...
Read 4350 objects so far...
Read 4400 objects so far...
Read 4450 objects so far...
Read 4500 objects so far...
Read 4550 objects so far...
Read 4600 objects so far...
Read 4650 objects so far...
Read 4700 objects so far...
Read 4750 objects so far...
Read 4800 objects so far...
Read 4850 objects so far...
Read 4900 objects so far...
Read 4950 objects so far...
Read 5000 objects so far...
Read 5050 objects so far...
Read 5100 objects so far...
Splitting modulo_rendimiento.cel into modulo_rendimiento.scel and modulo_rendimiento.mcel...
	done!


nocut - replacement for Mincut terminated normally with no errors and 0 warning[s]


TimberWolfMC version:v2.2 date:Mon May 25 21:18:34 EDT 1992
Authors: Carl Sechen, Bill Swartz, Kai-Win Lee
         Dahe Chen, and Jimmy Lam
         Yale University

config version:v1.0 date:Mon May 25 20:57:18 EDT 1992
Row configuration program
    Yale University


config switches:
	Graphics mode on
	config will inherit window



config terminated normally with no errors and 0 warning[s]


TimberWolfMC terminated normally with no errors and 0 warning[s]

WARNING[findcost]:Net <gnd> has 665 pins


TimberWolfSC switches:
	Graphics mode on
	TimberWolfSC will inherit window

TimberWolfSC version:v6.0 date:Mon May 25 21:19:07 EDT 1992
Row-Based Placement and Global Routing Program
Authors: Carl Sechen, Kai-Win Lee, and Bill Swartz,
         Yale University
  0 
  1   2   3   4   5   6   7   8   9  10  11  12  13  14  15 
 16  17  18  19  20  21  22  23  24  25  26  27  28  29  30 
 31  32  33  34  35  36  37  38  39  40  41  42  43  44  45 
 46  47  48  49  50  51  52  53  54  55  56  57  58  59  60 
 61  62  63  64  65  66  67  68  69  70  71  72  73  74  75 
 76  77  78  79  80  81  82  83  84  85  86  87  88  89  90 
 91  92  93  94  95  96  97  98  99 100 101 102 103 104 105 
106 107 108 109 110 111 112 113 114 115 116 117 118 119 120 
121 122 123 124 125 126 127 128 129 130 131 132 133 134 135 
136 137 138 139 140 141 142 143 144 145 146 147 148 149 150 
151 152 153 154 155 156 157 158 
 block left edge is at -239
 the longest block length is 47040
 building the steiner trees
 rebuilding the steiner tree

----start doing coarse global routing ------ 
 ITERATION  1

  longest Row is:27   Its length is:46640
 doing feed-through pins assignment
 building the net-tree now !
 set up the global routing grids
 the starting value of tracks =  497
 tracks = 491 at attempts =  1000
 tracks = 486 at attempts =  2000
 tracks = 483 at attempts =  3000
 tracks = 481 at attempts =  4000
 tracks = 477 at attempts =  5000
 tracks = 473 at attempts =  6000
 tracks = 469 at attempts =  7000
 tracks = 465 at attempts =  8000
 tracks = 465 at attempts =  9000
 tracks = 464 at attempts = 10000
 tracks = 464 at attempts = 11000
 tracks = 464 at attempts = 12000
 tracks = 464 at attempts = 13000
 tracks = 464 at attempts = 14000
 tracks = 463 at attempts = 15000
 tracks = 462 at attempts = 16000
 tracks = 462 at attempts = 17000
 tracks = 461 at attempts = 18000
 tracks = 461 at attempts = 19000
 tracks = 460 at attempts = 20000
 tracks = 460 at attempts = 21000
 tracks = 460 at attempts = 22000
 tracks = 460 at attempts = 23000
 tracks = 459 at attempts = 24000
 tracks = 459 at attempts = 25000
 tracks = 459 at attempts = 26000
 tracks = 459 at attempts = 27000
 tracks = 459 at attempts = 28000
 tracks = 458 at attempts = 29000
 tracks = 458 at attempts = 30000
 tracks = 458 at attempts = 31000
 tracks = 458 at attempts = 32000
 tracks = 458 at attempts = 33000
 tracks = 458 at attempts = 34000
 tracks = 458 at attempts = 35000
 tracks = 458 at attempts = 36000
 tracks = 458 at attempts = 37000
 tracks = 458 at attempts = 38000
 tracks = 458 at attempts = 39000
 tracks = 458 at attempts = 40000
 tracks = 458 at attempts = 41000
 tracks = 458 at attempts = 42000
 tracks = 458 at attempts = 43000
 tracks = 458 at attempts = 44000
 tracks = 458 at attempts = 45000
 tracks = 458 at attempts = 46000
 tracks = 458 at attempts = 47000
 tracks = 458 at attempts = 48000
 tracks = 458 at attempts = 49000
 tracks = 458 at attempts = 50000
 tracks = 458 at attempts = 51000
 tracks = 458 at attempts = 52000
 tracks = 458 at attempts = 53000
 tracks = 458 at attempts = 54000
 tracks = 458 at attempts = 55000
 tracks = 458 at attempts = 56000
 tracks = 458 at attempts = 57000
 tracks = 458 at attempts = 58000
 tracks = 458 at attempts = 59000
 tracks = 458 at attempts = 60000
 tracks = 458 at attempts = 61000
 tracks = 458 at attempts = 62000
 tracks = 458 at attempts = 63000
 tracks = 458 at attempts = 64000
 tracks = 458 at attempts = 65000
 tracks = 458 at attempts = 66000
 tracks = 458 at attempts = 67000
 tracks = 458 at attempts = 68000
 tracks = 458 at attempts = 69000
 tracks = 458 at attempts = 70000
 tracks = 458 at attempts = 71000
 tracks = 458 at attempts = 72000
 tracks = 458 at attempts = 73000
 tracks = 458 at attempts = 74000
 tracks = 458 at attempts = 75000
 tracks = 458 at attempts = 76000
 tracks = 458 at attempts = 77000
 tracks = 458 at attempts = 78000
 tracks = 458 at attempts = 79000
 tracks = 458 at attempts = 80000
 tracks = 458 at attempts = 81000
 tracks = 458 at attempts = 82000
 tracks = 458 at attempts = 83000
 tracks = 458 at attempts = 84000
 tracks = 458 at attempts = 85000
 tracks = 458 at attempts = 86000
 tracks = 458 at attempts = 87000
 tracks = 458 at attempts = 88000
 tracks = 458 at attempts = 89000
 tracks = 458 at attempts = 90000
 tracks = 458 at attempts = 91000
 tracks = 458 at attempts = 92000
 tracks = 458 at attempts = 93000
 tracks = 458 at attempts = 94000
 tracks = 458 at attempts = 95000
 tracks = 458 at attempts = 96000
 tracks = 458 at attempts = 97000
 tracks = 458 at attempts = 98000
 tracks = 458 at attempts = 99000
 tracks = 458 at attempts = 100000
 tracks = 458 at attempts = 101000
 tracks = 458 at attempts = 102000
 tracks = 458 at attempts = 103000
 tracks = 458 at attempts = 104000
 tracks = 458 at attempts = 105000
 tracks = 458 at attempts = 106000
 tracks = 458 at attempts = 107000
 tracks = 458 at attempts = 108000
 tracks = 458 at attempts = 109000
 tracks = 458 at attempts = 110000
 tracks = 458 at attempts = 111000
 tracks = 458 at attempts = 112000
 tracks = 458 at attempts = 113000
 tracks = 458 at attempts = 114000
 tracks = 458 at attempts = 115000
 tracks = 458 at attempts = 116000
 tracks = 458 at attempts = 117000
 tracks = 458 at attempts = 118000
 tracks = 458 at attempts = 119000
 tracks = 458 at attempts = 120000
 tracks = 458 at attempts = 121000
 tracks = 458 at attempts = 122000
 tracks = 458 at attempts = 123000
 tracks = 458 at attempts = 124000
 tracks = 458 at attempts = 125000
 tracks = 458 at attempts = 126000
 tracks = 458 at attempts = 127000
 removing redundant feed-through pins
 the connectivity of all the nets is verified

 block left edge is at -239
 the longest block length is 47040
 building the steiner trees
 rebuilding the steiner tree

----start doing coarse global routing ------ 
 ITERATION  1

  longest Row is:27   Its length is:46640
 doing feed-through pins assignment
 building the net-tree now !
 set up the global routing grids
 the starting value of tracks =  474
 tracks = 461 at attempts =  1000
 tracks = 456 at attempts =  2000
 tracks = 449 at attempts =  3000
 tracks = 443 at attempts =  4000
 tracks = 440 at attempts =  5000
 tracks = 436 at attempts =  6000
 tracks = 435 at attempts =  7000
 tracks = 430 at attempts =  8000
 tracks = 429 at attempts =  9000
 tracks = 428 at attempts = 10000
 tracks = 428 at attempts = 11000
 tracks = 427 at attempts = 12000
 tracks = 427 at attempts = 13000
 tracks = 426 at attempts = 14000
 tracks = 425 at attempts = 15000
 tracks = 425 at attempts = 16000
 tracks = 425 at attempts = 17000
 tracks = 424 at attempts = 18000
 tracks = 424 at attempts = 19000
 tracks = 424 at attempts = 20000
 tracks = 423 at attempts = 21000
 tracks = 423 at attempts = 22000
 tracks = 423 at attempts = 23000
 tracks = 423 at attempts = 24000
 tracks = 423 at attempts = 25000
 tracks = 422 at attempts = 26000
 tracks = 422 at attempts = 27000
 tracks = 422 at attempts = 28000
 tracks = 422 at attempts = 29000
 tracks = 422 at attempts = 30000
 tracks = 422 at attempts = 31000
 tracks = 422 at attempts = 32000
 tracks = 422 at attempts = 33000
 tracks = 422 at attempts = 34000
 tracks = 422 at attempts = 35000
 tracks = 422 at attempts = 36000
 tracks = 422 at attempts = 37000
 tracks = 422 at attempts = 38000
 tracks = 422 at attempts = 39000
 tracks = 422 at attempts = 40000
 tracks = 422 at attempts = 41000
 tracks = 422 at attempts = 42000
 tracks = 422 at attempts = 43000
 tracks = 422 at attempts = 44000
 tracks = 422 at attempts = 45000
 tracks = 422 at attempts = 46000
 tracks = 422 at attempts = 47000
 tracks = 422 at attempts = 48000
 tracks = 422 at attempts = 49000
 tracks = 422 at attempts = 50000
 tracks = 422 at attempts = 51000
 tracks = 422 at attempts = 52000
 tracks = 422 at attempts = 53000
 tracks = 422 at attempts = 54000
 tracks = 422 at attempts = 55000
 tracks = 422 at attempts = 56000
 tracks = 422 at attempts = 57000
 tracks = 422 at attempts = 58000
 tracks = 422 at attempts = 59000
 tracks = 422 at attempts = 60000
 tracks = 422 at attempts = 61000
 tracks = 422 at attempts = 62000
 tracks = 422 at attempts = 63000
 tracks = 422 at attempts = 64000
 tracks = 422 at attempts = 65000
 tracks = 422 at attempts = 66000
 tracks = 422 at attempts = 67000
 tracks = 422 at attempts = 68000
 tracks = 422 at attempts = 69000
 tracks = 422 at attempts = 70000
 tracks = 422 at attempts = 71000
 tracks = 422 at attempts = 72000
 tracks = 422 at attempts = 73000
 tracks = 422 at attempts = 74000
 tracks = 422 at attempts = 75000
 tracks = 422 at attempts = 76000
 tracks = 422 at attempts = 77000
 tracks = 422 at attempts = 78000
 tracks = 422 at attempts = 79000
 tracks = 422 at attempts = 80000
 tracks = 422 at attempts = 81000
 tracks = 422 at attempts = 82000
 tracks = 422 at attempts = 83000
 tracks = 422 at attempts = 84000
 tracks = 422 at attempts = 85000
 tracks = 422 at attempts = 86000
 tracks = 422 at attempts = 87000
 tracks = 422 at attempts = 88000
 tracks = 422 at attempts = 89000
 tracks = 422 at attempts = 90000
 tracks = 422 at attempts = 91000
 tracks = 422 at attempts = 92000
 tracks = 422 at attempts = 93000
 tracks = 422 at attempts = 94000
 tracks = 422 at attempts = 95000
 tracks = 422 at attempts = 96000
 tracks = 422 at attempts = 97000
 tracks = 422 at attempts = 98000
 tracks = 422 at attempts = 99000
 tracks = 422 at attempts = 100000
 tracks = 422 at attempts = 101000
 tracks = 422 at attempts = 102000
 tracks = 422 at attempts = 103000
 tracks = 422 at attempts = 104000
 tracks = 422 at attempts = 105000
 tracks = 422 at attempts = 106000
 tracks = 422 at attempts = 107000
 tracks = 422 at attempts = 108000
 tracks = 422 at attempts = 109000
 tracks = 422 at attempts = 110000
 tracks = 422 at attempts = 111000
 tracks = 422 at attempts = 112000
 tracks = 422 at attempts = 113000
 tracks = 422 at attempts = 114000
 tracks = 422 at attempts = 115000
 tracks = 422 at attempts = 116000
 tracks = 422 at attempts = 117000
 tracks = 422 at attempts = 118000
 tracks = 422 at attempts = 119000
 tracks = 422 at attempts = 120000
 tracks = 422 at attempts = 121000
 tracks = 422 at attempts = 122000
 tracks = 422 at attempts = 123000
 tracks = 422 at attempts = 124000
 tracks = 422 at attempts = 125000
 tracks = 422 at attempts = 126000
 tracks = 422 at attempts = 127000
 removing redundant feed-through pins
 the connectivity of all the nets is verified

 block left edge is at -239
 the longest block length is 47040
 building the steiner trees
 rebuilding the steiner tree

----start doing coarse global routing ------ 
 ITERATION  1

  longest Row is:27   Its length is:46640
 doing feed-through pins assignment
 building the net-tree now !
 set up the global routing grids
 the starting value of tracks =  476
 tracks = 464 at attempts =  1000
 tracks = 460 at attempts =  2000
 tracks = 457 at attempts =  3000
 tracks = 454 at attempts =  4000
 tracks = 445 at attempts =  5000
 tracks = 444 at attempts =  6000
 tracks = 443 at attempts =  7000
 tracks = 443 at attempts =  8000
 tracks = 443 at attempts =  9000
 tracks = 443 at attempts = 10000
 tracks = 441 at attempts = 11000
 tracks = 439 at attempts = 12000
 tracks = 438 at attempts = 13000
 tracks = 438 at attempts = 14000
 tracks = 437 at attempts = 15000
 tracks = 437 at attempts = 16000
 tracks = 437 at attempts = 17000
 tracks = 436 at attempts = 18000
 tracks = 436 at attempts = 19000
 tracks = 435 at attempts = 20000
 tracks = 435 at attempts = 21000
 tracks = 435 at attempts = 22000
 tracks = 435 at attempts = 23000
 tracks = 435 at attempts = 24000
 tracks = 435 at attempts = 25000
 tracks = 435 at attempts = 26000
 tracks = 435 at attempts = 27000
 tracks = 435 at attempts = 28000
 tracks = 434 at attempts = 29000
 tracks = 434 at attempts = 30000
 tracks = 434 at attempts = 31000
 tracks = 434 at attempts = 32000
 tracks = 434 at attempts = 33000
 tracks = 434 at attempts = 34000
 tracks = 434 at attempts = 35000
 tracks = 434 at attempts = 36000
 tracks = 434 at attempts = 37000
 tracks = 434 at attempts = 38000
 tracks = 434 at attempts = 39000
 tracks = 434 at attempts = 40000
 tracks = 434 at attempts = 41000
 tracks = 434 at attempts = 42000
 tracks = 434 at attempts = 43000
 tracks = 434 at attempts = 44000
 tracks = 434 at attempts = 45000
 tracks = 434 at attempts = 46000
 tracks = 434 at attempts = 47000
 tracks = 434 at attempts = 48000
 tracks = 434 at attempts = 49000
 tracks = 434 at attempts = 50000
 tracks = 434 at attempts = 51000
 tracks = 434 at attempts = 52000
 tracks = 434 at attempts = 53000
 tracks = 434 at attempts = 54000
 tracks = 434 at attempts = 55000
 tracks = 434 at attempts = 56000
 tracks = 434 at attempts = 57000
 tracks = 434 at attempts = 58000
 tracks = 434 at attempts = 59000
 tracks = 434 at attempts = 60000
 tracks = 434 at attempts = 61000
 tracks = 434 at attempts = 62000
 tracks = 434 at attempts = 63000
 tracks = 434 at attempts = 64000
 tracks = 434 at attempts = 65000
 tracks = 434 at attempts = 66000
 tracks = 434 at attempts = 67000
 tracks = 434 at attempts = 68000
 tracks = 434 at attempts = 69000
 tracks = 434 at attempts = 70000
 tracks = 434 at attempts = 71000
 tracks = 434 at attempts = 72000
 tracks = 434 at attempts = 73000
 tracks = 434 at attempts = 74000
 tracks = 434 at attempts = 75000
 tracks = 434 at attempts = 76000
 tracks = 434 at attempts = 77000
 tracks = 434 at attempts = 78000
 tracks = 434 at attempts = 79000
 tracks = 434 at attempts = 80000
 tracks = 434 at attempts = 81000
 tracks = 434 at attempts = 82000
 tracks = 434 at attempts = 83000
 tracks = 434 at attempts = 84000
 tracks = 434 at attempts = 85000
 tracks = 434 at attempts = 86000
 tracks = 434 at attempts = 87000
 tracks = 434 at attempts = 88000
 tracks = 434 at attempts = 89000
 tracks = 434 at attempts = 90000
 tracks = 434 at attempts = 91000
 tracks = 434 at attempts = 92000
 tracks = 434 at attempts = 93000
 tracks = 434 at attempts = 94000
 tracks = 434 at attempts = 95000
 tracks = 434 at attempts = 96000
 tracks = 434 at attempts = 97000
 tracks = 434 at attempts = 98000
 tracks = 434 at attempts = 99000
 tracks = 434 at attempts = 100000
 tracks = 434 at attempts = 101000
 tracks = 434 at attempts = 102000
 tracks = 434 at attempts = 103000
 tracks = 434 at attempts = 104000
 tracks = 434 at attempts = 105000
 tracks = 434 at attempts = 106000
 tracks = 434 at attempts = 107000
 tracks = 434 at attempts = 108000
 tracks = 434 at attempts = 109000
 tracks = 434 at attempts = 110000
 tracks = 434 at attempts = 111000
 tracks = 434 at attempts = 112000
 tracks = 434 at attempts = 113000
 tracks = 434 at attempts = 114000
 tracks = 434 at attempts = 115000
 tracks = 434 at attempts = 116000
 tracks = 434 at attempts = 117000
 tracks = 434 at attempts = 118000
 tracks = 434 at attempts = 119000
 tracks = 434 at attempts = 120000
 tracks = 434 at attempts = 121000
 tracks = 434 at attempts = 122000
 tracks = 434 at attempts = 123000
 tracks = 434 at attempts = 124000
 tracks = 434 at attempts = 125000
 tracks = 434 at attempts = 126000
 tracks = 434 at attempts = 127000
 removing redundant feed-through pins
 the connectivity of all the nets is verified

 block left edge is at -239
 the longest block length is 47040
 building the steiner trees
 rebuilding the steiner tree

----start doing coarse global routing ------ 
 ITERATION  1

  longest Row is:27   Its length is:46640
 doing feed-through pins assignment
 building the net-tree now !
 set up the global routing grids
 the starting value of tracks =  480
 tracks = 479 at attempts =  1000
 tracks = 479 at attempts =  2000
 tracks = 479 at attempts =  3000
 tracks = 479 at attempts =  4000
 tracks = 478 at attempts =  5000
 tracks = 477 at attempts =  6000
 tracks = 477 at attempts =  7000
 tracks = 477 at attempts =  8000
 tracks = 477 at attempts =  9000
 tracks = 476 at attempts = 10000
 tracks = 476 at attempts = 11000
 tracks = 476 at attempts = 12000
 tracks = 476 at attempts = 13000
 tracks = 476 at attempts = 14000
 tracks = 476 at attempts = 15000
 tracks = 476 at attempts = 16000
 tracks = 476 at attempts = 17000
 tracks = 476 at attempts = 18000
 tracks = 476 at attempts = 19000
 tracks = 476 at attempts = 20000
 tracks = 476 at attempts = 21000
 tracks = 476 at attempts = 22000
 tracks = 476 at attempts = 23000
 tracks = 476 at attempts = 24000
 tracks = 476 at attempts = 25000
 tracks = 476 at attempts = 26000
 tracks = 476 at attempts = 27000
 tracks = 476 at attempts = 28000
 tracks = 476 at attempts = 29000
 tracks = 476 at attempts = 30000
 tracks = 476 at attempts = 31000
 tracks = 476 at attempts = 32000
 tracks = 476 at attempts = 33000
 tracks = 476 at attempts = 34000
 tracks = 476 at attempts = 35000
 tracks = 476 at attempts = 36000
 tracks = 476 at attempts = 37000
 tracks = 476 at attempts = 38000
 tracks = 476 at attempts = 39000
 tracks = 476 at attempts = 40000
 tracks = 476 at attempts = 41000
 tracks = 476 at attempts = 42000
 tracks = 476 at attempts = 43000
 tracks = 476 at attempts = 44000
 tracks = 476 at attempts = 45000
 tracks = 476 at attempts = 46000
 tracks = 476 at attempts = 47000
 tracks = 476 at attempts = 48000
 tracks = 476 at attempts = 49000
 tracks = 476 at attempts = 50000
 tracks = 476 at attempts = 51000
 tracks = 476 at attempts = 52000
 tracks = 476 at attempts = 53000
 tracks = 476 at attempts = 54000
 tracks = 476 at attempts = 55000
 tracks = 476 at attempts = 56000
 tracks = 476 at attempts = 57000
 tracks = 476 at attempts = 58000
 tracks = 476 at attempts = 59000
 tracks = 476 at attempts = 60000
 tracks = 476 at attempts = 61000
 tracks = 476 at attempts = 62000
 tracks = 476 at attempts = 63000
 tracks = 476 at attempts = 64000
 tracks = 476 at attempts = 65000
 tracks = 476 at attempts = 66000
 tracks = 476 at attempts = 67000
 tracks = 476 at attempts = 68000
 tracks = 476 at attempts = 69000
 tracks = 476 at attempts = 70000
 tracks = 476 at attempts = 71000
 tracks = 476 at attempts = 72000
 tracks = 476 at attempts = 73000
 tracks = 476 at attempts = 74000
 tracks = 476 at attempts = 75000
 tracks = 476 at attempts = 76000
 tracks = 476 at attempts = 77000
 tracks = 476 at attempts = 78000
 tracks = 476 at attempts = 79000
 tracks = 476 at attempts = 80000
 tracks = 476 at attempts = 81000
 tracks = 476 at attempts = 82000
 tracks = 476 at attempts = 83000
 tracks = 476 at attempts = 84000
 tracks = 476 at attempts = 85000
 tracks = 476 at attempts = 86000
 tracks = 476 at attempts = 87000
 tracks = 476 at attempts = 88000
 tracks = 476 at attempts = 89000
 tracks = 476 at attempts = 90000
 tracks = 476 at attempts = 91000
 tracks = 476 at attempts = 92000
 tracks = 476 at attempts = 93000
 tracks = 476 at attempts = 94000
 tracks = 476 at attempts = 95000
 tracks = 476 at attempts = 96000
 tracks = 476 at attempts = 97000
 tracks = 476 at attempts = 98000
 tracks = 476 at attempts = 99000
 tracks = 476 at attempts = 100000
 tracks = 476 at attempts = 101000
 tracks = 476 at attempts = 102000
 tracks = 476 at attempts = 103000
 tracks = 476 at attempts = 104000
 tracks = 476 at attempts = 105000
 tracks = 476 at attempts = 106000
 tracks = 476 at attempts = 107000
 tracks = 476 at attempts = 108000
 tracks = 476 at attempts = 109000
 tracks = 476 at attempts = 110000
 tracks = 476 at attempts = 111000
 tracks = 476 at attempts = 112000
 tracks = 476 at attempts = 113000
 tracks = 476 at attempts = 114000
 tracks = 476 at attempts = 115000
 tracks = 476 at attempts = 116000
 tracks = 476 at attempts = 117000
 tracks = 476 at attempts = 118000
 tracks = 476 at attempts = 119000
 tracks = 476 at attempts = 120000
 tracks = 476 at attempts = 121000
 tracks = 476 at attempts = 122000
 tracks = 476 at attempts = 123000
 tracks = 476 at attempts = 124000
 tracks = 476 at attempts = 125000
 tracks = 476 at attempts = 126000
 tracks = 476 at attempts = 127000
 removing redundant feed-through pins
 the connectivity of all the nets is verified

 block left edge is at -239
 the longest block length is 47040
 building the steiner trees
 rebuilding the steiner tree

----start doing coarse global routing ------ 
 ITERATION  1

  longest Row is:27   Its length is:46640
 doing feed-through pins assignment
 building the net-tree now !
 set up the global routing grids
 the starting value of tracks =  469
 tracks = 460 at attempts =  1000
 tracks = 452 at attempts =  2000
 tracks = 447 at attempts =  3000
 tracks = 440 at attempts =  4000
 tracks = 438 at attempts =  5000
 tracks = 436 at attempts =  6000
 tracks = 434 at attempts =  7000
 tracks = 433 at attempts =  8000
 tracks = 432 at attempts =  9000
 tracks = 432 at attempts = 10000
 tracks = 432 at attempts = 11000
 tracks = 432 at attempts = 12000
 tracks = 431 at attempts = 13000
 tracks = 429 at attempts = 14000
 tracks = 428 at attempts = 15000
 tracks = 427 at attempts = 16000
 tracks = 426 at attempts = 17000
 tracks = 426 at attempts = 18000
 tracks = 425 at attempts = 19000
 tracks = 425 at attempts = 20000
 tracks = 424 at attempts = 21000
 tracks = 424 at attempts = 22000
 tracks = 424 at attempts = 23000
 tracks = 424 at attempts = 24000
 tracks = 423 at attempts = 25000
 tracks = 423 at attempts = 26000
 tracks = 423 at attempts = 27000
 tracks = 423 at attempts = 28000
 tracks = 423 at attempts = 29000
 tracks = 423 at attempts = 30000
 tracks = 423 at attempts = 31000
 tracks = 423 at attempts = 32000
 tracks = 423 at attempts = 33000
 tracks = 423 at attempts = 34000
 tracks = 423 at attempts = 35000
 tracks = 422 at attempts = 36000
 tracks = 422 at attempts = 37000
 tracks = 422 at attempts = 38000
 tracks = 422 at attempts = 39000
 tracks = 422 at attempts = 40000
 tracks = 422 at attempts = 41000
 tracks = 422 at attempts = 42000
 tracks = 422 at attempts = 43000
 tracks = 422 at attempts = 44000
 tracks = 422 at attempts = 45000
 tracks = 422 at attempts = 46000
 tracks = 422 at attempts = 47000
 tracks = 422 at attempts = 48000
 tracks = 422 at attempts = 49000
 tracks = 422 at attempts = 50000
 tracks = 422 at attempts = 51000
 tracks = 422 at attempts = 52000
 tracks = 422 at attempts = 53000
 tracks = 422 at attempts = 54000
 tracks = 422 at attempts = 55000
 tracks = 422 at attempts = 56000
 tracks = 422 at attempts = 57000
 tracks = 422 at attempts = 58000
 tracks = 422 at attempts = 59000
 tracks = 422 at attempts = 60000
 tracks = 422 at attempts = 61000
 tracks = 422 at attempts = 62000
 tracks = 422 at attempts = 63000
 tracks = 422 at attempts = 64000
 tracks = 422 at attempts = 65000
 tracks = 422 at attempts = 66000
 tracks = 422 at attempts = 67000
 tracks = 422 at attempts = 68000
 tracks = 422 at attempts = 69000
 tracks = 422 at attempts = 70000
 tracks = 422 at attempts = 71000
 tracks = 422 at attempts = 72000
 tracks = 422 at attempts = 73000
 tracks = 422 at attempts = 74000
 tracks = 422 at attempts = 75000
 tracks = 422 at attempts = 76000
 tracks = 422 at attempts = 77000
 tracks = 422 at attempts = 78000
 tracks = 422 at attempts = 79000
 tracks = 422 at attempts = 80000
 tracks = 422 at attempts = 81000
 tracks = 422 at attempts = 82000
 tracks = 422 at attempts = 83000
 tracks = 422 at attempts = 84000
 tracks = 422 at attempts = 85000
 tracks = 422 at attempts = 86000
 tracks = 422 at attempts = 87000
 tracks = 422 at attempts = 88000
 tracks = 422 at attempts = 89000
 tracks = 422 at attempts = 90000
 tracks = 422 at attempts = 91000
 tracks = 422 at attempts = 92000
 tracks = 422 at attempts = 93000
 tracks = 422 at attempts = 94000
 tracks = 422 at attempts = 95000
 tracks = 422 at attempts = 96000
 tracks = 422 at attempts = 97000
 tracks = 422 at attempts = 98000
 tracks = 422 at attempts = 99000
 tracks = 422 at attempts = 100000
 tracks = 422 at attempts = 101000
 tracks = 422 at attempts = 102000
 tracks = 422 at attempts = 103000
 tracks = 422 at attempts = 104000
 tracks = 422 at attempts = 105000
 tracks = 422 at attempts = 106000
 tracks = 422 at attempts = 107000
 tracks = 422 at attempts = 108000
 tracks = 422 at attempts = 109000
 tracks = 422 at attempts = 110000
 tracks = 422 at attempts = 111000
 tracks = 422 at attempts = 112000
 tracks = 422 at attempts = 113000
 tracks = 422 at attempts = 114000
 tracks = 422 at attempts = 115000
 tracks = 422 at attempts = 116000
 tracks = 422 at attempts = 117000
 tracks = 422 at attempts = 118000
 tracks = 422 at attempts = 119000
 tracks = 422 at attempts = 120000
 tracks = 422 at attempts = 121000
 tracks = 422 at attempts = 122000
 tracks = 422 at attempts = 123000
 tracks = 422 at attempts = 124000
 tracks = 422 at attempts = 125000
 tracks = 422 at attempts = 126000
 tracks = 422 at attempts = 127000
 removing redundant feed-through pins
 the connectivity of all the nets is verified

 block left edge is at -239
 the longest block length is 47040
 building the steiner trees
 rebuilding the steiner tree

----start doing coarse global routing ------ 
 ITERATION  1

  longest Row is:27   Its length is:46640
 doing feed-through pins assignment
 building the net-tree now !
 set up the global routing grids
 the starting value of tracks =  484
 tracks = 472 at attempts =  1000
 tracks = 464 at attempts =  2000
 tracks = 459 at attempts =  3000
 tracks = 456 at attempts =  4000
 tracks = 454 at attempts =  5000
 tracks = 451 at attempts =  6000
 tracks = 448 at attempts =  7000
 tracks = 446 at attempts =  8000
 tracks = 446 at attempts =  9000
 tracks = 446 at attempts = 10000
 tracks = 444 at attempts = 11000
 tracks = 443 at attempts = 12000
 tracks = 443 at attempts = 13000
 tracks = 443 at attempts = 14000
 tracks = 443 at attempts = 15000
 tracks = 443 at attempts = 16000
 tracks = 441 at attempts = 17000
 tracks = 441 at attempts = 18000
 tracks = 441 at attempts = 19000
 tracks = 439 at attempts = 20000
 tracks = 438 at attempts = 21000
 tracks = 438 at attempts = 22000
 tracks = 438 at attempts = 23000
 tracks = 438 at attempts = 24000
 tracks = 438 at attempts = 25000
 tracks = 438 at attempts = 26000
 tracks = 438 at attempts = 27000
 tracks = 438 at attempts = 28000
 tracks = 438 at attempts = 29000
 tracks = 437 at attempts = 30000
 tracks = 437 at attempts = 31000
 tracks = 436 at attempts = 32000
 tracks = 436 at attempts = 33000
 tracks = 436 at attempts = 34000
 tracks = 436 at attempts = 35000
 tracks = 436 at attempts = 36000
 tracks = 436 at attempts = 37000
 tracks = 436 at attempts = 38000
 tracks = 436 at attempts = 39000
 tracks = 436 at attempts = 40000
 tracks = 436 at attempts = 41000
 tracks = 436 at attempts = 42000
 tracks = 436 at attempts = 43000
 tracks = 436 at attempts = 44000
 tracks = 436 at attempts = 45000
 tracks = 436 at attempts = 46000
 tracks = 436 at attempts = 47000
 tracks = 436 at attempts = 48000
 tracks = 436 at attempts = 49000
 tracks = 436 at attempts = 50000
 tracks = 436 at attempts = 51000
 tracks = 436 at attempts = 52000
 tracks = 436 at attempts = 53000
 tracks = 436 at attempts = 54000
 tracks = 436 at attempts = 55000
 tracks = 436 at attempts = 56000
 tracks = 436 at attempts = 57000
 tracks = 436 at attempts = 58000
 tracks = 436 at attempts = 59000
 tracks = 436 at attempts = 60000
 tracks = 436 at attempts = 61000
 tracks = 436 at attempts = 62000
 tracks = 436 at attempts = 63000
 tracks = 436 at attempts = 64000
 tracks = 436 at attempts = 65000
 tracks = 436 at attempts = 66000
 tracks = 436 at attempts = 67000
 tracks = 436 at attempts = 68000
 tracks = 436 at attempts = 69000
 tracks = 436 at attempts = 70000
 tracks = 436 at attempts = 71000
 tracks = 436 at attempts = 72000
 tracks = 436 at attempts = 73000
 tracks = 436 at attempts = 74000
 tracks = 436 at attempts = 75000
 tracks = 436 at attempts = 76000
 tracks = 436 at attempts = 77000
 tracks = 436 at attempts = 78000
 tracks = 436 at attempts = 79000
 tracks = 436 at attempts = 80000
 tracks = 436 at attempts = 81000
 tracks = 436 at attempts = 82000
 tracks = 436 at attempts = 83000
 tracks = 436 at attempts = 84000
 tracks = 436 at attempts = 85000
 tracks = 436 at attempts = 86000
 tracks = 436 at attempts = 87000
 tracks = 436 at attempts = 88000
 tracks = 436 at attempts = 89000
 tracks = 436 at attempts = 90000
 tracks = 436 at attempts = 91000
 tracks = 436 at attempts = 92000
 tracks = 436 at attempts = 93000
 tracks = 436 at attempts = 94000
 tracks = 436 at attempts = 95000
 tracks = 436 at attempts = 96000
 tracks = 436 at attempts = 97000
 tracks = 436 at attempts = 98000
 tracks = 436 at attempts = 99000
 tracks = 436 at attempts = 100000
 tracks = 436 at attempts = 101000
 tracks = 436 at attempts = 102000
 tracks = 436 at attempts = 103000
 tracks = 436 at attempts = 104000
 tracks = 436 at attempts = 105000
 tracks = 436 at attempts = 106000
 tracks = 436 at attempts = 107000
 tracks = 436 at attempts = 108000
 tracks = 436 at attempts = 109000
 tracks = 436 at attempts = 110000
 tracks = 436 at attempts = 111000
 tracks = 436 at attempts = 112000
 tracks = 436 at attempts = 113000
 tracks = 436 at attempts = 114000
 tracks = 436 at attempts = 115000
 tracks = 436 at attempts = 116000
 tracks = 436 at attempts = 117000
 tracks = 436 at attempts = 118000
 tracks = 436 at attempts = 119000
 tracks = 436 at attempts = 120000
 tracks = 436 at attempts = 121000
 tracks = 436 at attempts = 122000
 tracks = 436 at attempts = 123000
 tracks = 436 at attempts = 124000
 tracks = 436 at attempts = 125000
 tracks = 436 at attempts = 126000
 tracks = 436 at attempts = 127000
 removing redundant feed-through pins
 the connectivity of all the nets is verified

 block left edge is at -239
 the longest block length is 47040
 building the steiner trees
 rebuilding the steiner tree

----start doing coarse global routing ------ 
 ITERATION  1

  longest Row is:27   Its length is:46640
 doing feed-through pins assignment
 building the net-tree now !
 set up the global routing grids
 the starting value of tracks =  464
 tracks = 455 at attempts =  1000
 tracks = 447 at attempts =  2000
 tracks = 444 at attempts =  3000
 tracks = 438 at attempts =  4000
 tracks = 431 at attempts =  5000
 tracks = 428 at attempts =  6000
 tracks = 426 at attempts =  7000
 tracks = 425 at attempts =  8000
 tracks = 424 at attempts =  9000
 tracks = 423 at attempts = 10000
 tracks = 422 at attempts = 11000
 tracks = 422 at attempts = 12000
 tracks = 421 at attempts = 13000
 tracks = 418 at attempts = 14000
 tracks = 417 at attempts = 15000
 tracks = 417 at attempts = 16000
 tracks = 416 at attempts = 17000
 tracks = 416 at attempts = 18000
 tracks = 416 at attempts = 19000
 tracks = 416 at attempts = 20000
 tracks = 415 at attempts = 21000
 tracks = 415 at attempts = 22000
 tracks = 415 at attempts = 23000
 tracks = 415 at attempts = 24000
 tracks = 415 at attempts = 25000
 tracks = 415 at attempts = 26000
 tracks = 414 at attempts = 27000
 tracks = 414 at attempts = 28000
 tracks = 414 at attempts = 29000
 tracks = 414 at attempts = 30000
 tracks = 414 at attempts = 31000
 tracks = 414 at attempts = 32000
 tracks = 414 at attempts = 33000
 tracks = 414 at attempts = 34000
 tracks = 414 at attempts = 35000
 tracks = 414 at attempts = 36000
 tracks = 414 at attempts = 37000
 tracks = 414 at attempts = 38000
 tracks = 414 at attempts = 39000
 tracks = 414 at attempts = 40000
 tracks = 414 at attempts = 41000
 tracks = 414 at attempts = 42000
 tracks = 414 at attempts = 43000
 tracks = 414 at attempts = 44000
 tracks = 414 at attempts = 45000
 tracks = 414 at attempts = 46000
 tracks = 414 at attempts = 47000
 tracks = 414 at attempts = 48000
 tracks = 414 at attempts = 49000
 tracks = 414 at attempts = 50000
 tracks = 414 at attempts = 51000
 tracks = 414 at attempts = 52000
 tracks = 414 at attempts = 53000
 tracks = 414 at attempts = 54000
 tracks = 414 at attempts = 55000
 tracks = 414 at attempts = 56000
 tracks = 414 at attempts = 57000
 tracks = 414 at attempts = 58000
 tracks = 414 at attempts = 59000
 tracks = 414 at attempts = 60000
 tracks = 414 at attempts = 61000
 tracks = 414 at attempts = 62000
 tracks = 414 at attempts = 63000
 tracks = 414 at attempts = 64000
 tracks = 414 at attempts = 65000
 tracks = 414 at attempts = 66000
 tracks = 414 at attempts = 67000
 tracks = 414 at attempts = 68000
 tracks = 414 at attempts = 69000
 tracks = 414 at attempts = 70000
 tracks = 414 at attempts = 71000
 tracks = 414 at attempts = 72000
 tracks = 414 at attempts = 73000
 tracks = 414 at attempts = 74000
 tracks = 414 at attempts = 75000
 tracks = 414 at attempts = 76000
 tracks = 414 at attempts = 77000
 tracks = 414 at attempts = 78000
 tracks = 414 at attempts = 79000
 tracks = 414 at attempts = 80000
 tracks = 414 at attempts = 81000
 tracks = 414 at attempts = 82000
 tracks = 414 at attempts = 83000
 tracks = 414 at attempts = 84000
 tracks = 414 at attempts = 85000
 tracks = 414 at attempts = 86000
 tracks = 414 at attempts = 87000
 tracks = 414 at attempts = 88000
 tracks = 414 at attempts = 89000
 tracks = 414 at attempts = 90000
 tracks = 414 at attempts = 91000
 tracks = 414 at attempts = 92000
 tracks = 414 at attempts = 93000
 tracks = 414 at attempts = 94000
 tracks = 414 at attempts = 95000
 tracks = 414 at attempts = 96000
 tracks = 414 at attempts = 97000
 tracks = 414 at attempts = 98000
 tracks = 414 at attempts = 99000
 tracks = 414 at attempts = 100000
 tracks = 414 at attempts = 101000
 tracks = 414 at attempts = 102000
 tracks = 414 at attempts = 103000
 tracks = 414 at attempts = 104000
 tracks = 414 at attempts = 105000
 tracks = 414 at attempts = 106000
 tracks = 414 at attempts = 107000
 tracks = 414 at attempts = 108000
 tracks = 414 at attempts = 109000
 tracks = 414 at attempts = 110000
 tracks = 414 at attempts = 111000
 tracks = 414 at attempts = 112000
 tracks = 414 at attempts = 113000
 tracks = 414 at attempts = 114000
 tracks = 414 at attempts = 115000
 tracks = 414 at attempts = 116000
 tracks = 414 at attempts = 117000
 tracks = 414 at attempts = 118000
 tracks = 414 at attempts = 119000
 tracks = 414 at attempts = 120000
 tracks = 414 at attempts = 121000
 tracks = 414 at attempts = 122000
 tracks = 414 at attempts = 123000
 tracks = 414 at attempts = 124000
 tracks = 414 at attempts = 125000
 tracks = 414 at attempts = 126000
 tracks = 414 at attempts = 127000
 removing redundant feed-through pins
 the connectivity of all the nets is verified

 block left edge is at -239
 the longest block length is 47040
 building the steiner trees
 rebuilding the steiner tree

----start doing coarse global routing ------ 
 ITERATION  1

  longest Row is:27   Its length is:46640
 doing feed-through pins assignment
 building the net-tree now !
 set up the global routing grids
 the starting value of tracks =  490
 tracks = 490 at attempts =  1000
 tracks = 490 at attempts =  2000
 tracks = 489 at attempts =  3000
 tracks = 489 at attempts =  4000
 tracks = 489 at attempts =  5000
 tracks = 489 at attempts =  6000
 tracks = 489 at attempts =  7000
 tracks = 489 at attempts =  8000
 tracks = 489 at attempts =  9000
 tracks = 489 at attempts = 10000
 tracks = 489 at attempts = 11000
 tracks = 489 at attempts = 12000
 tracks = 489 at attempts = 13000
 tracks = 489 at attempts = 14000
 tracks = 489 at attempts = 15000
 tracks = 489 at attempts = 16000
 tracks = 489 at attempts = 17000
 tracks = 489 at attempts = 18000
 tracks = 489 at attempts = 19000
 tracks = 489 at attempts = 20000
 tracks = 489 at attempts = 21000
 tracks = 489 at attempts = 22000
 tracks = 489 at attempts = 23000
 tracks = 489 at attempts = 24000
 tracks = 489 at attempts = 25000
 tracks = 489 at attempts = 26000
 tracks = 489 at attempts = 27000
 tracks = 489 at attempts = 28000
 tracks = 489 at attempts = 29000
 tracks = 489 at attempts = 30000
 tracks = 489 at attempts = 31000
 tracks = 489 at attempts = 32000
 tracks = 489 at attempts = 33000
 tracks = 489 at attempts = 34000
 tracks = 489 at attempts = 35000
 tracks = 489 at attempts = 36000
 tracks = 489 at attempts = 37000
 tracks = 489 at attempts = 38000
 tracks = 489 at attempts = 39000
 tracks = 489 at attempts = 40000
 tracks = 489 at attempts = 41000
 tracks = 489 at attempts = 42000
 tracks = 489 at attempts = 43000
 tracks = 489 at attempts = 44000
 tracks = 489 at attempts = 45000
 tracks = 489 at attempts = 46000
 tracks = 489 at attempts = 47000
 tracks = 489 at attempts = 48000
 tracks = 489 at attempts = 49000
 tracks = 489 at attempts = 50000
 tracks = 489 at attempts = 51000
 tracks = 489 at attempts = 52000
 tracks = 489 at attempts = 53000
 tracks = 489 at attempts = 54000
 tracks = 489 at attempts = 55000
 tracks = 489 at attempts = 56000
 tracks = 489 at attempts = 57000
 tracks = 489 at attempts = 58000
 tracks = 489 at attempts = 59000
 tracks = 489 at attempts = 60000
 tracks = 489 at attempts = 61000
 tracks = 489 at attempts = 62000
 tracks = 489 at attempts = 63000
 tracks = 489 at attempts = 64000
 tracks = 489 at attempts = 65000
 tracks = 489 at attempts = 66000
 tracks = 489 at attempts = 67000
 tracks = 489 at attempts = 68000
 tracks = 489 at attempts = 69000
 tracks = 489 at attempts = 70000
 tracks = 489 at attempts = 71000
 tracks = 489 at attempts = 72000
 tracks = 489 at attempts = 73000
 tracks = 489 at attempts = 74000
 tracks = 489 at attempts = 75000
 tracks = 489 at attempts = 76000
 tracks = 489 at attempts = 77000
 tracks = 489 at attempts = 78000
 tracks = 489 at attempts = 79000
 tracks = 489 at attempts = 80000
 tracks = 489 at attempts = 81000
 tracks = 489 at attempts = 82000
 tracks = 489 at attempts = 83000
 tracks = 489 at attempts = 84000
 tracks = 489 at attempts = 85000
 tracks = 489 at attempts = 86000
 tracks = 489 at attempts = 87000
 tracks = 489 at attempts = 88000
 tracks = 489 at attempts = 89000
 tracks = 489 at attempts = 90000
 tracks = 489 at attempts = 91000
 tracks = 489 at attempts = 92000
 tracks = 489 at attempts = 93000
 tracks = 489 at attempts = 94000
 tracks = 489 at attempts = 95000
 tracks = 489 at attempts = 96000
 tracks = 489 at attempts = 97000
 tracks = 489 at attempts = 98000
 tracks = 489 at attempts = 99000
 tracks = 489 at attempts = 100000
 tracks = 489 at attempts = 101000
 tracks = 489 at attempts = 102000
 tracks = 489 at attempts = 103000
 tracks = 489 at attempts = 104000
 tracks = 489 at attempts = 105000
 tracks = 489 at attempts = 106000
 tracks = 489 at attempts = 107000
 tracks = 489 at attempts = 108000
 tracks = 489 at attempts = 109000
 tracks = 489 at attempts = 110000
 tracks = 489 at attempts = 111000
 tracks = 489 at attempts = 112000
 tracks = 489 at attempts = 113000
 tracks = 489 at attempts = 114000
 tracks = 489 at attempts = 115000
 tracks = 489 at attempts = 116000
 tracks = 489 at attempts = 117000
 tracks = 489 at attempts = 118000
 tracks = 489 at attempts = 119000
 tracks = 489 at attempts = 120000
 tracks = 489 at attempts = 121000
 tracks = 489 at attempts = 122000
 tracks = 489 at attempts = 123000
 tracks = 489 at attempts = 124000
 tracks = 489 at attempts = 125000
 tracks = 489 at attempts = 126000
 tracks = 489 at attempts = 127000
 removing redundant feed-through pins
 the connectivity of all the nets is verified


***********************************************
*ACTUAL* FINAL NUMBER OF ROUTING TRACKS: 414
***********************************************


TimberWolfSC terminated normally with no errors and 1 warning[s]


twflow terminated normally with no errors and 0 warning[s]

Running getfillcell to determine cell to use for fill.
getfillcell.tcl modulo_rendimiento  /usr/share/qflow/tech/osu018/osu018_stdcells.lef FILL
Using cell FILL for fill
Running place2def to translate graywolf output to DEF format.
place2def.tcl modulo_rendimiento FILL 
Running place2def.tcl
DEF database: 100 units per micron
Limits: xbot = -535.0 ybot = -465.0 xtop = 46695.0 ytop = 35065.0
Core values: 40.0 50.0 46680.0 35050.0
Offsets: 40.0 50.0
6 routing layers
metal1: 357 vertical tracks from -3um with 1um pitch
metal2: 592 vertical tracks from -3.2um with 0.8um pitch
metal3: 357 vertical tracks from -3um with 1um pitch
metal4: 592 vertical tracks from -3.2um with 0.8um pitch
metal5: 357 vertical tracks from -3um with 1um pitch
metal6: 296 vertical tracks from -3.2um with 1.6um pitch
Summary: Total components = 4993
  Fill cells  = 0
  Other cells = 4993
Done with place2def.tcl
Running addspacers to generate power stripes and align cell right edge
addspacers.tcl  -stripe 2.0 50.0 PG modulo_rendimiento  /usr/share/qflow/tech/osu018/osu018_stdcells.lef FILL
Reading FILL macros from LEF file.
Reading DEF file modulo_rendimiento.def. . .
Number of rows is 35
Longest row has width 466.8 um
addspacers:  Inserting 9 stripes of width 1.6 um (2.0 um requested)
  Pitch 49.6 um, offset 34.4 um
stretch:  Number of components is 5737
Analysis of DEF file:
Number of components = 4993
New number of components = 5737
Number of rows = 35
Adjusting obstructions for power striping
Done with addspacers.tcl
Running arrangepins to adjust pin positions for optimal routing.
arrangepins.tcl  modulo_rendimiento
Reading info file modulo_rendimiento.info. . .
Reading DEF file modulo_rendimiento.def. . .
Recalculating pin positions
Writing DEF file modulo_rendimiento_mod.def. . .
Done with arrangepins.tcl
blifanno.tcl /home/erick/Documentos/UCR/UCR_2021/I-2021/Microelectronica/Proyecto_2/repositorio/Modulo_rendimiento/qflow/synthesis/modulo_rendimiento.blif modulo_rendimiento.def /home/erick/Documentos/UCR/UCR_2021/I-2021/Microelectronica/Proyecto_2/repositorio/Modulo_rendimiento/qflow/synthesis/modulo_rendimiento_anno.blif
Running blifanno.tcl
Reading DEF file modulo_rendimiento.def. . .
Done with blifanno.tcl

Generating RTL verilog and SPICE netlist file in directory
   /home/erick/Documentos/UCR/UCR_2021/I-2021/Microelectronica/Proyecto_2/repositorio/Modulo_rendimiento/qflow/synthesis
Files:
   Verilog: /home/erick/Documentos/UCR/UCR_2021/I-2021/Microelectronica/Proyecto_2/repositorio/Modulo_rendimiento/qflow/synthesis/modulo_rendimiento.rtl.v
   Verilog: /home/erick/Documentos/UCR/UCR_2021/I-2021/Microelectronica/Proyecto_2/repositorio/Modulo_rendimiento/qflow/synthesis/modulo_rendimiento.rtlnopwr.v
   Verilog: /home/erick/Documentos/UCR/UCR_2021/I-2021/Microelectronica/Proyecto_2/repositorio/Modulo_rendimiento/qflow/synthesis/modulo_rendimiento.rtlbb.v
   Spice:   /home/erick/Documentos/UCR/UCR_2021/I-2021/Microelectronica/Proyecto_2/repositorio/Modulo_rendimiento/qflow/synthesis/modulo_rendimiento.spc

Running blif2Verilog.
Running blif2BSpice.
Placement script ended on jue 1 jul 10:44:07 CST 2021
