Qflow placement logfile created on jue 1 jul 09:26:04 CST 2021
Running blif2cel to generate input files for graywolf
blif2cel.tcl --blif /home/erick/Documentos/UCR/UCR_2021/I-2021/Microelectronica/Proyecto_2/repositorio/qflow_area/synthesis/modulo_area.blif  --lef  /usr/share/qflow/tech/osu018/osu018_stdcells.lef --cel /home/erick/Documentos/UCR/UCR_2021/I-2021/Microelectronica/Proyecto_2/repositorio/qflow_area/layout/modulo_area.cel 
Opened BLIF file (/home/erick/Documentos/UCR/UCR_2021/I-2021/Microelectronica/Proyecto_2/repositorio/qflow_area/synthesis/modulo_area.blif) for reading ...
Opened CEL file (/home/erick/Documentos/UCR/UCR_2021/I-2021/Microelectronica/Proyecto_2/repositorio/qflow_area/layout/modulo_area.cel) for writing...
Loaded /usr/share/qflow/tech/osu018/osu018_stdcells.lef file for reading...
1st pass of blif file /home/erick/Documentos/UCR/UCR_2021/I-2021/Microelectronica/Proyecto_2/repositorio/qflow_area/synthesis/modulo_area.blif. . .
Reading macros and/or technology data from LEF file. . .
LEF file specifies route layer Y pitch as 1
LEF file specifies route layer X pitch as 0.8
Parsing macro AND2X2
Parsing macro AOI21X1
Parsing macro AOI22X1
Parsing macro BUFX2
Parsing macro BUFX4
Parsing macro NOR3X1
Parsing macro DFFPOSX1
Parsing macro INVX1
Parsing macro INVX2
Parsing macro INVX4
Parsing macro INVX8
Parsing macro NAND2X1
Parsing macro NAND3X1
Parsing macro NOR2X1
Parsing macro OAI21X1
Parsing macro OAI22X1
Parsing macro OR2X2
Parsing macro XOR2X1
Parsing macro XNOR2X1
Parsing macro CLKBUF1
2nd pass of blif file. . .
3rd pass of blif file. . .
Done!
No modulo_area.cel1 file found for project. . . no partial blockages to apply to layout.
No modulo_area.cel2 file found for project. . . continuing without pin placement hints
Running GrayWolf placement
graywolf  modulo_area

twflow version:2.1 date:Mon May 25 21:15:08 EDT 1992
Authors: Bill Swartz, Carl Sechen
         Yale University

syntax version:v1.1 date:Mon May 25 21:11:10 EDT 1992
TimberWolf System Syntax Checker
Authors: Carl Sechen, Kai-Win Lee, Bill Swartz,
         Dahe Chen, and Jimmy Lam
         Yale University

Read   50 objects so far...
Read  100 objects so far...
Read  150 objects so far...
Read  200 objects so far...
Read  250 objects so far...
Read  300 objects so far...
Read  350 objects so far...
Read  400 objects so far...
Read  450 objects so far...
Read  500 objects so far...
Read  550 objects so far...
Read  600 objects so far...
Read  650 objects so far...
Read  700 objects so far...
Read  750 objects so far...
Read  800 objects so far...
Read  850 objects so far...
Read  900 objects so far...
Read  950 objects so far...
Read 1000 objects so far...
Read 1050 objects so far...
Read 1100 objects so far...
Read 1150 objects so far...
Read 1200 objects so far...
Read 1250 objects so far...
Read 1300 objects so far...
Read 1350 objects so far...
Read 1400 objects so far...
Read 1450 objects so far...
Read 1500 objects so far...
Read 1550 objects so far...
Read 1600 objects so far...
Read 1650 objects so far...
Read 1700 objects so far...
Read 1750 objects so far...
Read 1800 objects so far...
Read 1850 objects so far...
Read 1900 objects so far...
Read 1950 objects so far...
Read 2000 objects so far...
Read 2050 objects so far...
Read 2100 objects so far...
Read 2150 objects so far...
Read 2200 objects so far...
Read 2250 objects so far...
Read 2300 objects so far...
Read 2350 objects so far...
Read 2400 objects so far...
Read 2450 objects so far...
Read 2500 objects so far...
Read 2550 objects so far...
Read 2600 objects so far...
Read 2650 objects so far...
Read 2700 objects so far...
Read 2750 objects so far...
Read 2800 objects so far...
Read 2850 objects so far...
Read 2900 objects so far...
Read 2950 objects so far...
Read 3000 objects so far...
Read 3050 objects so far...
Read 3100 objects so far...
Read 3150 objects so far...
Read 3200 objects so far...
Read 3250 objects so far...
Read 3300 objects so far...
Read 3350 objects so far...
Read 3400 objects so far...
Read 3450 objects so far...
Read 3500 objects so far...
Read 3550 objects so far...
Read 3600 objects so far...
Read 3650 objects so far...
No syntax errors were found

syntax terminated normally with no errors and 0 warning[s]


----------------------------
Total stdcells     :3555
Total cell width   :1.14e+06
Total cell height  :3.56e+06
Total cell area    :1.14e+09
Total core area    :1.14e+09
Average cell height:1.00e+03


nocut - replacement for Mincut version:v1.0 date:Mon May 25 21:09:40 EDT 1992
TimberWolf System Floorplan Setup Program
Authors: Carl Sechen, Bill Swartz,
         Yale University

Read   50 objects so far...
Read  100 objects so far...
Read  150 objects so far...
Read  200 objects so far...
Read  250 objects so far...
Read  300 objects so far...
Read  350 objects so far...
Read  400 objects so far...
Read  450 objects so far...
Read  500 objects so far...
Read  550 objects so far...
Read  600 objects so far...
Read  650 objects so far...
Read  700 objects so far...
Read  750 objects so far...
Read  800 objects so far...
Read  850 objects so far...
Read  900 objects so far...
Read  950 objects so far...
Read 1000 objects so far...
Read 1050 objects so far...
Read 1100 objects so far...
Read 1150 objects so far...
Read 1200 objects so far...
Read 1250 objects so far...
Read 1300 objects so far...
Read 1350 objects so far...
Read 1400 objects so far...
Read 1450 objects so far...
Read 1500 objects so far...
Read 1550 objects so far...
Read 1600 objects so far...
Read 1650 objects so far...
Read 1700 objects so far...
Read 1750 objects so far...
Read 1800 objects so far...
Read 1850 objects so far...
Read 1900 objects so far...
Read 1950 objects so far...
Read 2000 objects so far...
Read 2050 objects so far...
Read 2100 objects so far...
Read 2150 objects so far...
Read 2200 objects so far...
Read 2250 objects so far...
Read 2300 objects so far...
Read 2350 objects so far...
Read 2400 objects so far...
Read 2450 objects so far...
Read 2500 objects so far...
Read 2550 objects so far...
Read 2600 objects so far...
Read 2650 objects so far...
Read 2700 objects so far...
Read 2750 objects so far...
Read 2800 objects so far...
Read 2850 objects so far...
Read 2900 objects so far...
Read 2950 objects so far...
Read 3000 objects so far...
Read 3050 objects so far...
Read 3100 objects so far...
Read 3150 objects so far...
Read 3200 objects so far...
Read 3250 objects so far...
Read 3300 objects so far...
Read 3350 objects so far...
Read 3400 objects so far...
Read 3450 objects so far...
Read 3500 objects so far...
Read 3550 objects so far...
Read 3600 objects so far...
Read 3650 objects so far...
Splitting modulo_area.cel into modulo_area.scel and modulo_area.mcel...
	done!


nocut - replacement for Mincut terminated normally with no errors and 0 warning[s]


TimberWolfMC version:v2.2 date:Mon May 25 21:18:34 EDT 1992
Authors: Carl Sechen, Bill Swartz, Kai-Win Lee
         Dahe Chen, and Jimmy Lam
         Yale University

config version:v1.0 date:Mon May 25 20:57:18 EDT 1992
Row configuration program
    Yale University


config switches:
	Graphics mode on
	config will inherit window



config terminated normally with no errors and 0 warning[s]


TimberWolfMC terminated normally with no errors and 0 warning[s]

WARNING[findcost]:Net <gnd> has 661 pins


TimberWolfSC switches:
	Graphics mode on
	TimberWolfSC will inherit window

TimberWolfSC version:v6.0 date:Mon May 25 21:19:07 EDT 1992
Row-Based Placement and Global Routing Program
Authors: Carl Sechen, Kai-Win Lee, and Bill Swartz,
         Yale University
  0 
  1   2   3   4   5   6   7   8   9  10  11  12  13  14  15 
 16  17  18  19  20  21  22  23  24  25  26  27  28  29  30 
 31  32  33  34  35  36  37  38  39  40  41  42  43  44  45 
 46  47  48  49  50  51  52  53  54  55  56  57  58  59  60 
 61  62  63  64  65  66  67  68  69  70  71  72  73  74  75 
 76  77  78  79  80  81  82  83  84  85  86  87  88  89  90 
 91  92  93  94  95  96  97  98  99 100 101 102 103 104 105 
106 107 108 109 110 111 112 113 114 115 116 117 118 119 120 
121 122 123 124 125 126 127 128 129 130 131 132 133 134 135 
136 137 138 139 140 141 142 143 144 145 146 147 148 149 150 
151 152 153 154 155 156 157 158 
 block left edge is at -239
 the longest block length is 39840
 building the steiner trees
 rebuilding the steiner tree

----start doing coarse global routing ------ 
 ITERATION  1

  longest Row is:1   Its length is:39360
 doing feed-through pins assignment
 building the net-tree now !
 set up the global routing grids
 the starting value of tracks =  353
 tracks = 335 at attempts =  1000
 tracks = 335 at attempts =  2000
 tracks = 333 at attempts =  3000
 tracks = 328 at attempts =  4000
 tracks = 325 at attempts =  5000
 tracks = 318 at attempts =  6000
 tracks = 317 at attempts =  7000
 tracks = 317 at attempts =  8000
 tracks = 315 at attempts =  9000
 tracks = 315 at attempts = 10000
 tracks = 315 at attempts = 11000
 tracks = 314 at attempts = 12000
 tracks = 314 at attempts = 13000
 tracks = 314 at attempts = 14000
 tracks = 314 at attempts = 15000
 tracks = 313 at attempts = 16000
 tracks = 313 at attempts = 17000
 tracks = 312 at attempts = 18000
 tracks = 312 at attempts = 19000
 tracks = 312 at attempts = 20000
 tracks = 312 at attempts = 21000
 tracks = 312 at attempts = 22000
 tracks = 312 at attempts = 23000
 tracks = 312 at attempts = 24000
 tracks = 312 at attempts = 25000
 tracks = 312 at attempts = 26000
 tracks = 312 at attempts = 27000
 tracks = 312 at attempts = 28000
 tracks = 312 at attempts = 29000
 tracks = 312 at attempts = 30000
 tracks = 312 at attempts = 31000
 tracks = 312 at attempts = 32000
 tracks = 312 at attempts = 33000
 tracks = 312 at attempts = 34000
 tracks = 312 at attempts = 35000
 tracks = 312 at attempts = 36000
 tracks = 312 at attempts = 37000
 tracks = 312 at attempts = 38000
 tracks = 312 at attempts = 39000
 tracks = 312 at attempts = 40000
 tracks = 312 at attempts = 41000
 tracks = 312 at attempts = 42000
 tracks = 312 at attempts = 43000
 tracks = 312 at attempts = 44000
 tracks = 312 at attempts = 45000
 tracks = 312 at attempts = 46000
 tracks = 312 at attempts = 47000
 tracks = 312 at attempts = 48000
 tracks = 312 at attempts = 49000
 tracks = 312 at attempts = 50000
 tracks = 312 at attempts = 51000
 tracks = 312 at attempts = 52000
 tracks = 312 at attempts = 53000
 tracks = 312 at attempts = 54000
 tracks = 312 at attempts = 55000
 tracks = 312 at attempts = 56000
 tracks = 312 at attempts = 57000
 tracks = 312 at attempts = 58000
 tracks = 312 at attempts = 59000
 tracks = 312 at attempts = 60000
 tracks = 312 at attempts = 61000
 tracks = 312 at attempts = 62000
 tracks = 312 at attempts = 63000
 tracks = 312 at attempts = 64000
 tracks = 312 at attempts = 65000
 tracks = 312 at attempts = 66000
 tracks = 312 at attempts = 67000
 tracks = 312 at attempts = 68000
 tracks = 312 at attempts = 69000
 tracks = 312 at attempts = 70000
 tracks = 312 at attempts = 71000
 tracks = 312 at attempts = 72000
 tracks = 312 at attempts = 73000
 tracks = 312 at attempts = 74000
 tracks = 312 at attempts = 75000
 tracks = 312 at attempts = 76000
 tracks = 312 at attempts = 77000
 tracks = 312 at attempts = 78000
 tracks = 312 at attempts = 79000
 tracks = 312 at attempts = 80000
 tracks = 312 at attempts = 81000
 tracks = 312 at attempts = 82000
 tracks = 312 at attempts = 83000
 tracks = 312 at attempts = 84000
 tracks = 312 at attempts = 85000
 tracks = 312 at attempts = 86000
 tracks = 312 at attempts = 87000
 tracks = 312 at attempts = 88000
 tracks = 312 at attempts = 89000
 tracks = 312 at attempts = 90000
 tracks = 312 at attempts = 91000
 removing redundant feed-through pins
 the connectivity of all the nets is verified

 block left edge is at -239
 the longest block length is 39840
 building the steiner trees
 rebuilding the steiner tree

----start doing coarse global routing ------ 
 ITERATION  1

  longest Row is:1   Its length is:39360
 doing feed-through pins assignment
 building the net-tree now !
 set up the global routing grids
 the starting value of tracks =  344
 tracks = 333 at attempts =  1000
 tracks = 329 at attempts =  2000
 tracks = 327 at attempts =  3000
 tracks = 325 at attempts =  4000
 tracks = 321 at attempts =  5000
 tracks = 321 at attempts =  6000
 tracks = 321 at attempts =  7000
 tracks = 320 at attempts =  8000
 tracks = 319 at attempts =  9000
 tracks = 319 at attempts = 10000
 tracks = 319 at attempts = 11000
 tracks = 318 at attempts = 12000
 tracks = 318 at attempts = 13000
 tracks = 317 at attempts = 14000
 tracks = 317 at attempts = 15000
 tracks = 317 at attempts = 16000
 tracks = 317 at attempts = 17000
 tracks = 316 at attempts = 18000
 tracks = 316 at attempts = 19000
 tracks = 316 at attempts = 20000
 tracks = 316 at attempts = 21000
 tracks = 316 at attempts = 22000
 tracks = 316 at attempts = 23000
 tracks = 316 at attempts = 24000
 tracks = 316 at attempts = 25000
 tracks = 316 at attempts = 26000
 tracks = 316 at attempts = 27000
 tracks = 316 at attempts = 28000
 tracks = 316 at attempts = 29000
 tracks = 316 at attempts = 30000
 tracks = 316 at attempts = 31000
 tracks = 316 at attempts = 32000
 tracks = 316 at attempts = 33000
 tracks = 316 at attempts = 34000
 tracks = 316 at attempts = 35000
 tracks = 316 at attempts = 36000
 tracks = 316 at attempts = 37000
 tracks = 316 at attempts = 38000
 tracks = 316 at attempts = 39000
 tracks = 316 at attempts = 40000
 tracks = 316 at attempts = 41000
 tracks = 316 at attempts = 42000
 tracks = 316 at attempts = 43000
 tracks = 316 at attempts = 44000
 tracks = 316 at attempts = 45000
 tracks = 316 at attempts = 46000
 tracks = 316 at attempts = 47000
 tracks = 316 at attempts = 48000
 tracks = 316 at attempts = 49000
 tracks = 316 at attempts = 50000
 tracks = 316 at attempts = 51000
 tracks = 316 at attempts = 52000
 tracks = 316 at attempts = 53000
 tracks = 316 at attempts = 54000
 tracks = 316 at attempts = 55000
 tracks = 316 at attempts = 56000
 tracks = 316 at attempts = 57000
 tracks = 316 at attempts = 58000
 tracks = 316 at attempts = 59000
 tracks = 316 at attempts = 60000
 tracks = 316 at attempts = 61000
 tracks = 316 at attempts = 62000
 tracks = 316 at attempts = 63000
 tracks = 316 at attempts = 64000
 tracks = 316 at attempts = 65000
 tracks = 316 at attempts = 66000
 tracks = 316 at attempts = 67000
 tracks = 316 at attempts = 68000
 tracks = 316 at attempts = 69000
 tracks = 316 at attempts = 70000
 tracks = 316 at attempts = 71000
 tracks = 316 at attempts = 72000
 tracks = 316 at attempts = 73000
 tracks = 316 at attempts = 74000
 tracks = 316 at attempts = 75000
 tracks = 316 at attempts = 76000
 tracks = 316 at attempts = 77000
 tracks = 316 at attempts = 78000
 tracks = 316 at attempts = 79000
 tracks = 316 at attempts = 80000
 tracks = 316 at attempts = 81000
 tracks = 316 at attempts = 82000
 tracks = 316 at attempts = 83000
 tracks = 316 at attempts = 84000
 tracks = 316 at attempts = 85000
 tracks = 316 at attempts = 86000
 tracks = 316 at attempts = 87000
 tracks = 316 at attempts = 88000
 tracks = 316 at attempts = 89000
 tracks = 316 at attempts = 90000
 tracks = 316 at attempts = 91000
 removing redundant feed-through pins
 the connectivity of all the nets is verified

 block left edge is at -239
 the longest block length is 39840
 building the steiner trees
 rebuilding the steiner tree

----start doing coarse global routing ------ 
 ITERATION  1

  longest Row is:1   Its length is:39360
 doing feed-through pins assignment
 building the net-tree now !
 set up the global routing grids
 the starting value of tracks =  346
 tracks = 336 at attempts =  1000
 tracks = 330 at attempts =  2000
 tracks = 324 at attempts =  3000
 tracks = 318 at attempts =  4000
 tracks = 317 at attempts =  5000
 tracks = 314 at attempts =  6000
 tracks = 312 at attempts =  7000
 tracks = 311 at attempts =  8000
 tracks = 310 at attempts =  9000
 tracks = 310 at attempts = 10000
 tracks = 310 at attempts = 11000
 tracks = 309 at attempts = 12000
 tracks = 309 at attempts = 13000
 tracks = 309 at attempts = 14000
 tracks = 309 at attempts = 15000
 tracks = 308 at attempts = 16000
 tracks = 308 at attempts = 17000
 tracks = 308 at attempts = 18000
 tracks = 308 at attempts = 19000
 tracks = 308 at attempts = 20000
 tracks = 308 at attempts = 21000
 tracks = 308 at attempts = 22000
 tracks = 308 at attempts = 23000
 tracks = 308 at attempts = 24000
 tracks = 308 at attempts = 25000
 tracks = 308 at attempts = 26000
 tracks = 308 at attempts = 27000
 tracks = 308 at attempts = 28000
 tracks = 308 at attempts = 29000
 tracks = 308 at attempts = 30000
 tracks = 308 at attempts = 31000
 tracks = 308 at attempts = 32000
 tracks = 308 at attempts = 33000
 tracks = 308 at attempts = 34000
 tracks = 308 at attempts = 35000
 tracks = 308 at attempts = 36000
 tracks = 308 at attempts = 37000
 tracks = 308 at attempts = 38000
 tracks = 308 at attempts = 39000
 tracks = 308 at attempts = 40000
 tracks = 308 at attempts = 41000
 tracks = 308 at attempts = 42000
 tracks = 308 at attempts = 43000
 tracks = 308 at attempts = 44000
 tracks = 308 at attempts = 45000
 tracks = 308 at attempts = 46000
 tracks = 308 at attempts = 47000
 tracks = 308 at attempts = 48000
 tracks = 308 at attempts = 49000
 tracks = 308 at attempts = 50000
 tracks = 308 at attempts = 51000
 tracks = 308 at attempts = 52000
 tracks = 308 at attempts = 53000
 tracks = 308 at attempts = 54000
 tracks = 308 at attempts = 55000
 tracks = 308 at attempts = 56000
 tracks = 308 at attempts = 57000
 tracks = 308 at attempts = 58000
 tracks = 308 at attempts = 59000
 tracks = 308 at attempts = 60000
 tracks = 308 at attempts = 61000
 tracks = 308 at attempts = 62000
 tracks = 308 at attempts = 63000
 tracks = 308 at attempts = 64000
 tracks = 308 at attempts = 65000
 tracks = 308 at attempts = 66000
 tracks = 308 at attempts = 67000
 tracks = 308 at attempts = 68000
 tracks = 308 at attempts = 69000
 tracks = 308 at attempts = 70000
 tracks = 308 at attempts = 71000
 tracks = 308 at attempts = 72000
 tracks = 308 at attempts = 73000
 tracks = 308 at attempts = 74000
 tracks = 308 at attempts = 75000
 tracks = 308 at attempts = 76000
 tracks = 308 at attempts = 77000
 tracks = 308 at attempts = 78000
 tracks = 308 at attempts = 79000
 tracks = 308 at attempts = 80000
 tracks = 308 at attempts = 81000
 tracks = 308 at attempts = 82000
 tracks = 308 at attempts = 83000
 tracks = 308 at attempts = 84000
 tracks = 308 at attempts = 85000
 tracks = 308 at attempts = 86000
 tracks = 308 at attempts = 87000
 tracks = 308 at attempts = 88000
 tracks = 308 at attempts = 89000
 tracks = 308 at attempts = 90000
 tracks = 308 at attempts = 91000
 removing redundant feed-through pins
 the connectivity of all the nets is verified

 block left edge is at -239
 the longest block length is 39840
 building the steiner trees
 rebuilding the steiner tree

----start doing coarse global routing ------ 
 ITERATION  1

  longest Row is:1   Its length is:39360
 doing feed-through pins assignment
 building the net-tree now !
 set up the global routing grids
 the starting value of tracks =  356
 tracks = 355 at attempts =  1000
 tracks = 355 at attempts =  2000
 tracks = 355 at attempts =  3000
 tracks = 355 at attempts =  4000
 tracks = 354 at attempts =  5000
 tracks = 354 at attempts =  6000
 tracks = 354 at attempts =  7000
 tracks = 354 at attempts =  8000
 tracks = 354 at attempts =  9000
 tracks = 354 at attempts = 10000
 tracks = 354 at attempts = 11000
 tracks = 354 at attempts = 12000
 tracks = 354 at attempts = 13000
 tracks = 354 at attempts = 14000
 tracks = 354 at attempts = 15000
 tracks = 354 at attempts = 16000
 tracks = 354 at attempts = 17000
 tracks = 354 at attempts = 18000
 tracks = 354 at attempts = 19000
 tracks = 353 at attempts = 20000
 tracks = 353 at attempts = 21000
 tracks = 353 at attempts = 22000
 tracks = 353 at attempts = 23000
 tracks = 353 at attempts = 24000
 tracks = 353 at attempts = 25000
 tracks = 353 at attempts = 26000
 tracks = 353 at attempts = 27000
 tracks = 353 at attempts = 28000
 tracks = 353 at attempts = 29000
 tracks = 353 at attempts = 30000
 tracks = 353 at attempts = 31000
 tracks = 353 at attempts = 32000
 tracks = 353 at attempts = 33000
 tracks = 353 at attempts = 34000
 tracks = 353 at attempts = 35000
 tracks = 353 at attempts = 36000
 tracks = 353 at attempts = 37000
 tracks = 353 at attempts = 38000
 tracks = 353 at attempts = 39000
 tracks = 353 at attempts = 40000
 tracks = 353 at attempts = 41000
 tracks = 353 at attempts = 42000
 tracks = 353 at attempts = 43000
 tracks = 353 at attempts = 44000
 tracks = 353 at attempts = 45000
 tracks = 353 at attempts = 46000
 tracks = 353 at attempts = 47000
 tracks = 353 at attempts = 48000
 tracks = 353 at attempts = 49000
 tracks = 353 at attempts = 50000
 tracks = 353 at attempts = 51000
 tracks = 353 at attempts = 52000
 tracks = 353 at attempts = 53000
 tracks = 353 at attempts = 54000
 tracks = 353 at attempts = 55000
 tracks = 353 at attempts = 56000
 tracks = 353 at attempts = 57000
 tracks = 353 at attempts = 58000
 tracks = 353 at attempts = 59000
 tracks = 353 at attempts = 60000
 tracks = 353 at attempts = 61000
 tracks = 353 at attempts = 62000
 tracks = 353 at attempts = 63000
 tracks = 353 at attempts = 64000
 tracks = 353 at attempts = 65000
 tracks = 353 at attempts = 66000
 tracks = 353 at attempts = 67000
 tracks = 353 at attempts = 68000
 tracks = 353 at attempts = 69000
 tracks = 353 at attempts = 70000
 tracks = 353 at attempts = 71000
 tracks = 353 at attempts = 72000
 tracks = 353 at attempts = 73000
 tracks = 353 at attempts = 74000
 tracks = 353 at attempts = 75000
 tracks = 353 at attempts = 76000
 tracks = 353 at attempts = 77000
 tracks = 353 at attempts = 78000
 tracks = 353 at attempts = 79000
 tracks = 353 at attempts = 80000
 tracks = 353 at attempts = 81000
 tracks = 353 at attempts = 82000
 tracks = 353 at attempts = 83000
 tracks = 353 at attempts = 84000
 tracks = 353 at attempts = 85000
 tracks = 353 at attempts = 86000
 tracks = 353 at attempts = 87000
 tracks = 353 at attempts = 88000
 tracks = 353 at attempts = 89000
 tracks = 353 at attempts = 90000
 tracks = 353 at attempts = 91000
 removing redundant feed-through pins
 the connectivity of all the nets is verified

 block left edge is at -239
 the longest block length is 39840
 building the steiner trees
 rebuilding the steiner tree

----start doing coarse global routing ------ 
 ITERATION  1

  longest Row is:1   Its length is:39360
 doing feed-through pins assignment
 building the net-tree now !
 set up the global routing grids
 the starting value of tracks =  340
 tracks = 335 at attempts =  1000
 tracks = 328 at attempts =  2000
 tracks = 324 at attempts =  3000
 tracks = 319 at attempts =  4000
 tracks = 315 at attempts =  5000
 tracks = 315 at attempts =  6000
 tracks = 314 at attempts =  7000
 tracks = 311 at attempts =  8000
 tracks = 310 at attempts =  9000
 tracks = 309 at attempts = 10000
 tracks = 308 at attempts = 11000
 tracks = 308 at attempts = 12000
 tracks = 307 at attempts = 13000
 tracks = 307 at attempts = 14000
 tracks = 307 at attempts = 15000
 tracks = 307 at attempts = 16000
 tracks = 307 at attempts = 17000
 tracks = 307 at attempts = 18000
 tracks = 307 at attempts = 19000
 tracks = 307 at attempts = 20000
 tracks = 307 at attempts = 21000
 tracks = 307 at attempts = 22000
 tracks = 307 at attempts = 23000
 tracks = 307 at attempts = 24000
 tracks = 307 at attempts = 25000
 tracks = 307 at attempts = 26000
 tracks = 307 at attempts = 27000
 tracks = 307 at attempts = 28000
 tracks = 307 at attempts = 29000
 tracks = 307 at attempts = 30000
 tracks = 307 at attempts = 31000
 tracks = 307 at attempts = 32000
 tracks = 307 at attempts = 33000
 tracks = 307 at attempts = 34000
 tracks = 307 at attempts = 35000
 tracks = 307 at attempts = 36000
 tracks = 307 at attempts = 37000
 tracks = 307 at attempts = 38000
 tracks = 307 at attempts = 39000
 tracks = 307 at attempts = 40000
 tracks = 307 at attempts = 41000
 tracks = 307 at attempts = 42000
 tracks = 307 at attempts = 43000
 tracks = 307 at attempts = 44000
 tracks = 307 at attempts = 45000
 tracks = 307 at attempts = 46000
 tracks = 307 at attempts = 47000
 tracks = 307 at attempts = 48000
 tracks = 307 at attempts = 49000
 tracks = 307 at attempts = 50000
 tracks = 307 at attempts = 51000
 tracks = 307 at attempts = 52000
 tracks = 307 at attempts = 53000
 tracks = 307 at attempts = 54000
 tracks = 307 at attempts = 55000
 tracks = 307 at attempts = 56000
 tracks = 307 at attempts = 57000
 tracks = 307 at attempts = 58000
 tracks = 307 at attempts = 59000
 tracks = 307 at attempts = 60000
 tracks = 307 at attempts = 61000
 tracks = 307 at attempts = 62000
 tracks = 307 at attempts = 63000
 tracks = 307 at attempts = 64000
 tracks = 307 at attempts = 65000
 tracks = 307 at attempts = 66000
 tracks = 307 at attempts = 67000
 tracks = 307 at attempts = 68000
 tracks = 307 at attempts = 69000
 tracks = 307 at attempts = 70000
 tracks = 307 at attempts = 71000
 tracks = 307 at attempts = 72000
 tracks = 307 at attempts = 73000
 tracks = 307 at attempts = 74000
 tracks = 307 at attempts = 75000
 tracks = 307 at attempts = 76000
 tracks = 307 at attempts = 77000
 tracks = 307 at attempts = 78000
 tracks = 307 at attempts = 79000
 tracks = 307 at attempts = 80000
 tracks = 307 at attempts = 81000
 tracks = 307 at attempts = 82000
 tracks = 307 at attempts = 83000
 tracks = 307 at attempts = 84000
 tracks = 307 at attempts = 85000
 tracks = 307 at attempts = 86000
 tracks = 307 at attempts = 87000
 tracks = 307 at attempts = 88000
 tracks = 307 at attempts = 89000
 tracks = 307 at attempts = 90000
 tracks = 307 at attempts = 91000
 removing redundant feed-through pins
 the connectivity of all the nets is verified

 block left edge is at -239
 the longest block length is 39840
 building the steiner trees
 rebuilding the steiner tree

----start doing coarse global routing ------ 
 ITERATION  1

  longest Row is:1   Its length is:39360
 doing feed-through pins assignment
 building the net-tree now !
 set up the global routing grids
 the starting value of tracks =  347
 tracks = 336 at attempts =  1000
 tracks = 328 at attempts =  2000
 tracks = 321 at attempts =  3000
 tracks = 316 at attempts =  4000
 tracks = 313 at attempts =  5000
 tracks = 313 at attempts =  6000
 tracks = 311 at attempts =  7000
 tracks = 311 at attempts =  8000
 tracks = 310 at attempts =  9000
 tracks = 308 at attempts = 10000
 tracks = 307 at attempts = 11000
 tracks = 307 at attempts = 12000
 tracks = 306 at attempts = 13000
 tracks = 306 at attempts = 14000
 tracks = 306 at attempts = 15000
 tracks = 306 at attempts = 16000
 tracks = 306 at attempts = 17000
 tracks = 306 at attempts = 18000
 tracks = 306 at attempts = 19000
 tracks = 306 at attempts = 20000
 tracks = 306 at attempts = 21000
 tracks = 306 at attempts = 22000
 tracks = 306 at attempts = 23000
 tracks = 306 at attempts = 24000
 tracks = 306 at attempts = 25000
 tracks = 306 at attempts = 26000
 tracks = 306 at attempts = 27000
 tracks = 306 at attempts = 28000
 tracks = 306 at attempts = 29000
 tracks = 306 at attempts = 30000
 tracks = 306 at attempts = 31000
 tracks = 306 at attempts = 32000
 tracks = 306 at attempts = 33000
 tracks = 306 at attempts = 34000
 tracks = 306 at attempts = 35000
 tracks = 306 at attempts = 36000
 tracks = 306 at attempts = 37000
 tracks = 306 at attempts = 38000
 tracks = 306 at attempts = 39000
 tracks = 306 at attempts = 40000
 tracks = 306 at attempts = 41000
 tracks = 306 at attempts = 42000
 tracks = 306 at attempts = 43000
 tracks = 306 at attempts = 44000
 tracks = 306 at attempts = 45000
 tracks = 306 at attempts = 46000
 tracks = 306 at attempts = 47000
 tracks = 306 at attempts = 48000
 tracks = 306 at attempts = 49000
 tracks = 306 at attempts = 50000
 tracks = 306 at attempts = 51000
 tracks = 306 at attempts = 52000
 tracks = 306 at attempts = 53000
 tracks = 306 at attempts = 54000
 tracks = 306 at attempts = 55000
 tracks = 306 at attempts = 56000
 tracks = 306 at attempts = 57000
 tracks = 306 at attempts = 58000
 tracks = 306 at attempts = 59000
 tracks = 306 at attempts = 60000
 tracks = 306 at attempts = 61000
 tracks = 306 at attempts = 62000
 tracks = 306 at attempts = 63000
 tracks = 306 at attempts = 64000
 tracks = 306 at attempts = 65000
 tracks = 306 at attempts = 66000
 tracks = 306 at attempts = 67000
 tracks = 306 at attempts = 68000
 tracks = 306 at attempts = 69000
 tracks = 306 at attempts = 70000
 tracks = 306 at attempts = 71000
 tracks = 306 at attempts = 72000
 tracks = 306 at attempts = 73000
 tracks = 306 at attempts = 74000
 tracks = 306 at attempts = 75000
 tracks = 306 at attempts = 76000
 tracks = 306 at attempts = 77000
 tracks = 306 at attempts = 78000
 tracks = 306 at attempts = 79000
 tracks = 306 at attempts = 80000
 tracks = 306 at attempts = 81000
 tracks = 306 at attempts = 82000
 tracks = 306 at attempts = 83000
 tracks = 306 at attempts = 84000
 tracks = 306 at attempts = 85000
 tracks = 306 at attempts = 86000
 tracks = 306 at attempts = 87000
 tracks = 306 at attempts = 88000
 tracks = 306 at attempts = 89000
 tracks = 306 at attempts = 90000
 tracks = 306 at attempts = 91000
 removing redundant feed-through pins
 the connectivity of all the nets is verified

 block left edge is at -239
 the longest block length is 39840
 building the steiner trees
 rebuilding the steiner tree

----start doing coarse global routing ------ 
 ITERATION  1

  longest Row is:1   Its length is:39360
 doing feed-through pins assignment
 building the net-tree now !
 set up the global routing grids
 the starting value of tracks =  345
 tracks = 336 at attempts =  1000
 tracks = 331 at attempts =  2000
 tracks = 327 at attempts =  3000
 tracks = 324 at attempts =  4000
 tracks = 324 at attempts =  5000
 tracks = 322 at attempts =  6000
 tracks = 321 at attempts =  7000
 tracks = 315 at attempts =  8000
 tracks = 314 at attempts =  9000
 tracks = 314 at attempts = 10000
 tracks = 312 at attempts = 11000
 tracks = 312 at attempts = 12000
 tracks = 310 at attempts = 13000
 tracks = 310 at attempts = 14000
 tracks = 310 at attempts = 15000
 tracks = 310 at attempts = 16000
 tracks = 310 at attempts = 17000
 tracks = 309 at attempts = 18000
 tracks = 309 at attempts = 19000
 tracks = 309 at attempts = 20000
 tracks = 309 at attempts = 21000
 tracks = 309 at attempts = 22000
 tracks = 309 at attempts = 23000
 tracks = 309 at attempts = 24000
 tracks = 309 at attempts = 25000
 tracks = 309 at attempts = 26000
 tracks = 309 at attempts = 27000
 tracks = 309 at attempts = 28000
 tracks = 309 at attempts = 29000
 tracks = 309 at attempts = 30000
 tracks = 309 at attempts = 31000
 tracks = 309 at attempts = 32000
 tracks = 309 at attempts = 33000
 tracks = 309 at attempts = 34000
 tracks = 309 at attempts = 35000
 tracks = 309 at attempts = 36000
 tracks = 309 at attempts = 37000
 tracks = 309 at attempts = 38000
 tracks = 309 at attempts = 39000
 tracks = 309 at attempts = 40000
 tracks = 309 at attempts = 41000
 tracks = 309 at attempts = 42000
 tracks = 309 at attempts = 43000
 tracks = 309 at attempts = 44000
 tracks = 309 at attempts = 45000
 tracks = 309 at attempts = 46000
 tracks = 309 at attempts = 47000
 tracks = 309 at attempts = 48000
 tracks = 309 at attempts = 49000
 tracks = 309 at attempts = 50000
 tracks = 309 at attempts = 51000
 tracks = 309 at attempts = 52000
 tracks = 309 at attempts = 53000
 tracks = 309 at attempts = 54000
 tracks = 309 at attempts = 55000
 tracks = 309 at attempts = 56000
 tracks = 309 at attempts = 57000
 tracks = 309 at attempts = 58000
 tracks = 309 at attempts = 59000
 tracks = 309 at attempts = 60000
 tracks = 309 at attempts = 61000
 tracks = 309 at attempts = 62000
 tracks = 309 at attempts = 63000
 tracks = 309 at attempts = 64000
 tracks = 309 at attempts = 65000
 tracks = 309 at attempts = 66000
 tracks = 309 at attempts = 67000
 tracks = 309 at attempts = 68000
 tracks = 309 at attempts = 69000
 tracks = 309 at attempts = 70000
 tracks = 309 at attempts = 71000
 tracks = 309 at attempts = 72000
 tracks = 309 at attempts = 73000
 tracks = 309 at attempts = 74000
 tracks = 309 at attempts = 75000
 tracks = 309 at attempts = 76000
 tracks = 309 at attempts = 77000
 tracks = 309 at attempts = 78000
 tracks = 309 at attempts = 79000
 tracks = 309 at attempts = 80000
 tracks = 309 at attempts = 81000
 tracks = 309 at attempts = 82000
 tracks = 309 at attempts = 83000
 tracks = 309 at attempts = 84000
 tracks = 309 at attempts = 85000
 tracks = 309 at attempts = 86000
 tracks = 309 at attempts = 87000
 tracks = 309 at attempts = 88000
 tracks = 309 at attempts = 89000
 tracks = 309 at attempts = 90000
 tracks = 309 at attempts = 91000
 removing redundant feed-through pins
 the connectivity of all the nets is verified

 block left edge is at -239
 the longest block length is 39840
 building the steiner trees
 rebuilding the steiner tree

----start doing coarse global routing ------ 
 ITERATION  1

  longest Row is:1   Its length is:39360
 doing feed-through pins assignment
 building the net-tree now !
 set up the global routing grids
 the starting value of tracks =  364
 tracks = 363 at attempts =  1000
 tracks = 361 at attempts =  2000
 tracks = 360 at attempts =  3000
 tracks = 360 at attempts =  4000
 tracks = 359 at attempts =  5000
 tracks = 359 at attempts =  6000
 tracks = 359 at attempts =  7000
 tracks = 359 at attempts =  8000
 tracks = 359 at attempts =  9000
 tracks = 359 at attempts = 10000
 tracks = 359 at attempts = 11000
 tracks = 359 at attempts = 12000
 tracks = 359 at attempts = 13000
 tracks = 359 at attempts = 14000
 tracks = 359 at attempts = 15000
 tracks = 359 at attempts = 16000
 tracks = 359 at attempts = 17000
 tracks = 359 at attempts = 18000
 tracks = 359 at attempts = 19000
 tracks = 359 at attempts = 20000
 tracks = 359 at attempts = 21000
 tracks = 359 at attempts = 22000
 tracks = 359 at attempts = 23000
 tracks = 359 at attempts = 24000
 tracks = 359 at attempts = 25000
 tracks = 359 at attempts = 26000
 tracks = 359 at attempts = 27000
 tracks = 359 at attempts = 28000
 tracks = 359 at attempts = 29000
 tracks = 359 at attempts = 30000
 tracks = 359 at attempts = 31000
 tracks = 359 at attempts = 32000
 tracks = 359 at attempts = 33000
 tracks = 359 at attempts = 34000
 tracks = 359 at attempts = 35000
 tracks = 359 at attempts = 36000
 tracks = 359 at attempts = 37000
 tracks = 359 at attempts = 38000
 tracks = 359 at attempts = 39000
 tracks = 359 at attempts = 40000
 tracks = 359 at attempts = 41000
 tracks = 359 at attempts = 42000
 tracks = 359 at attempts = 43000
 tracks = 359 at attempts = 44000
 tracks = 359 at attempts = 45000
 tracks = 359 at attempts = 46000
 tracks = 359 at attempts = 47000
 tracks = 359 at attempts = 48000
 tracks = 359 at attempts = 49000
 tracks = 359 at attempts = 50000
 tracks = 359 at attempts = 51000
 tracks = 359 at attempts = 52000
 tracks = 359 at attempts = 53000
 tracks = 359 at attempts = 54000
 tracks = 359 at attempts = 55000
 tracks = 359 at attempts = 56000
 tracks = 359 at attempts = 57000
 tracks = 359 at attempts = 58000
 tracks = 359 at attempts = 59000
 tracks = 359 at attempts = 60000
 tracks = 359 at attempts = 61000
 tracks = 359 at attempts = 62000
 tracks = 359 at attempts = 63000
 tracks = 359 at attempts = 64000
 tracks = 359 at attempts = 65000
 tracks = 359 at attempts = 66000
 tracks = 359 at attempts = 67000
 tracks = 359 at attempts = 68000
 tracks = 359 at attempts = 69000
 tracks = 359 at attempts = 70000
 tracks = 359 at attempts = 71000
 tracks = 359 at attempts = 72000
 tracks = 359 at attempts = 73000
 tracks = 359 at attempts = 74000
 tracks = 359 at attempts = 75000
 tracks = 359 at attempts = 76000
 tracks = 359 at attempts = 77000
 tracks = 359 at attempts = 78000
 tracks = 359 at attempts = 79000
 tracks = 359 at attempts = 80000
 tracks = 359 at attempts = 81000
 tracks = 359 at attempts = 82000
 tracks = 359 at attempts = 83000
 tracks = 359 at attempts = 84000
 tracks = 359 at attempts = 85000
 tracks = 359 at attempts = 86000
 tracks = 359 at attempts = 87000
 tracks = 359 at attempts = 88000
 tracks = 359 at attempts = 89000
 tracks = 359 at attempts = 90000
 tracks = 359 at attempts = 91000
 removing redundant feed-through pins
 the connectivity of all the nets is verified


***********************************************
*ACTUAL* FINAL NUMBER OF ROUTING TRACKS: 306
***********************************************


TimberWolfSC terminated normally with no errors and 1 warning[s]


twflow terminated normally with no errors and 0 warning[s]

Running getfillcell to determine cell to use for fill.
getfillcell.tcl modulo_area  /usr/share/qflow/tech/osu018/osu018_stdcells.lef FILL
Using cell FILL for fill
Running place2def to translate graywolf output to DEF format.
place2def.tcl modulo_area FILL 
Running place2def.tcl
DEF database: 100 units per micron
Limits: xbot = -535.0 ybot = -465.0 xtop = 39415.0 ytop = 29065.0
Core values: 40.0 50.0 39400.0 29050.0
Offsets: 40.0 50.0
6 routing layers
metal1: 297 vertical tracks from -3um with 1um pitch
metal2: 501 vertical tracks from -3.2um with 0.8um pitch
metal3: 297 vertical tracks from -3um with 1um pitch
metal4: 501 vertical tracks from -3.2um with 0.8um pitch
metal5: 297 vertical tracks from -3um with 1um pitch
metal6: 251 vertical tracks from -3.2um with 1.6um pitch
Summary: Total components = 3555
  Fill cells  = 0
  Other cells = 3555
Done with place2def.tcl
Running addspacers to generate power stripes and align cell right edge
addspacers.tcl  -stripe 2.0 50.0 PG modulo_area  /usr/share/qflow/tech/osu018/osu018_stdcells.lef FILL
Reading FILL macros from LEF file.
Reading DEF file modulo_area.def. . .
Number of rows is 29
Longest row has width 394.0 um
addspacers:  Inserting 7 stripes of width 1.6 um (2.0 um requested)
  Pitch 49.6 um, offset 48.0 um
stretch:  Number of components is 3989
Analysis of DEF file:
Number of components = 3555
New number of components = 3989
Number of rows = 29
Adjusting obstructions for power striping
Done with addspacers.tcl
Running arrangepins to adjust pin positions for optimal routing.
arrangepins.tcl  modulo_area
Reading info file modulo_area.info. . .
Reading DEF file modulo_area.def. . .
Warning: pin bloque_bytes[87] has no bounding box.
Warning: pin bloque_bytes[85] has no bounding box.
Warning: pin bloque_bytes[86] has no bounding box.
Warning: pin bloque_bytes[84] has no bounding box.
Recalculating pin positions
Writing DEF file modulo_area_mod.def. . .
Done with arrangepins.tcl
blifanno.tcl /home/erick/Documentos/UCR/UCR_2021/I-2021/Microelectronica/Proyecto_2/repositorio/qflow_area/synthesis/modulo_area.blif modulo_area.def /home/erick/Documentos/UCR/UCR_2021/I-2021/Microelectronica/Proyecto_2/repositorio/qflow_area/synthesis/modulo_area_anno.blif
Running blifanno.tcl
Reading DEF file modulo_area.def. . .
Done with blifanno.tcl

Generating RTL verilog and SPICE netlist file in directory
   /home/erick/Documentos/UCR/UCR_2021/I-2021/Microelectronica/Proyecto_2/repositorio/qflow_area/synthesis
Files:
   Verilog: /home/erick/Documentos/UCR/UCR_2021/I-2021/Microelectronica/Proyecto_2/repositorio/qflow_area/synthesis/modulo_area.rtl.v
   Verilog: /home/erick/Documentos/UCR/UCR_2021/I-2021/Microelectronica/Proyecto_2/repositorio/qflow_area/synthesis/modulo_area.rtlnopwr.v
   Verilog: /home/erick/Documentos/UCR/UCR_2021/I-2021/Microelectronica/Proyecto_2/repositorio/qflow_area/synthesis/modulo_area.rtlbb.v
   Spice:   /home/erick/Documentos/UCR/UCR_2021/I-2021/Microelectronica/Proyecto_2/repositorio/qflow_area/synthesis/modulo_area.spc

Running blif2Verilog.
Running blif2BSpice.
Placement script ended on jue 1 jul 09:27:11 CST 2021
